mode: atomic
github.com/TerraDharitri/drt-go-chain-keys-monitor/cmd/monitor/main.go:61.13,87.42 12 0
github.com/TerraDharitri/drt-go-chain-keys-monitor/cmd/monitor/main.go:87.42,89.3 1 0
github.com/TerraDharitri/drt-go-chain-keys-monitor/cmd/monitor/main.go:91.2,92.16 2 0
github.com/TerraDharitri/drt-go-chain-keys-monitor/cmd/monitor/main.go:92.16,95.3 2 0
github.com/TerraDharitri/drt-go-chain-keys-monitor/cmd/monitor/main.go:98.84,100.16 2 0
github.com/TerraDharitri/drt-go-chain-keys-monitor/cmd/monitor/main.go:100.16,102.3 1 0
github.com/TerraDharitri/drt-go-chain-keys-monitor/cmd/monitor/main.go:104.2,105.16 2 0
github.com/TerraDharitri/drt-go-chain-keys-monitor/cmd/monitor/main.go:105.16,107.3 1 0
github.com/TerraDharitri/drt-go-chain-keys-monitor/cmd/monitor/main.go:109.2,110.22 2 0
github.com/TerraDharitri/drt-go-chain-keys-monitor/cmd/monitor/main.go:110.22,112.3 1 0
github.com/TerraDharitri/drt-go-chain-keys-monitor/cmd/monitor/main.go:114.2,114.31 1 0
github.com/TerraDharitri/drt-go-chain-keys-monitor/cmd/monitor/main.go:114.31,119.25 4 0
github.com/TerraDharitri/drt-go-chain-keys-monitor/cmd/monitor/main.go:119.25,121.4 1 0
github.com/TerraDharitri/drt-go-chain-keys-monitor/cmd/monitor/main.go:124.2,125.16 2 0
github.com/TerraDharitri/drt-go-chain-keys-monitor/cmd/monitor/main.go:125.16,127.3 1 0
github.com/TerraDharitri/drt-go-chain-keys-monitor/cmd/monitor/main.go:129.2,129.31 1 0
github.com/TerraDharitri/drt-go-chain-keys-monitor/cmd/monitor/main.go:129.31,132.3 2 0
github.com/TerraDharitri/drt-go-chain-keys-monitor/cmd/monitor/main.go:134.2,134.12 1 0
github.com/TerraDharitri/drt-go-chain-keys-monitor/cmd/monitor/main.go:137.67,141.16 3 0
github.com/TerraDharitri/drt-go-chain-keys-monitor/cmd/monitor/main.go:141.16,143.3 1 0
github.com/TerraDharitri/drt-go-chain-keys-monitor/cmd/monitor/main.go:145.2,146.24 2 0
github.com/TerraDharitri/drt-go-chain-keys-monitor/cmd/monitor/main.go:149.71,151.16 2 0
github.com/TerraDharitri/drt-go-chain-keys-monitor/cmd/monitor/main.go:151.16,153.3 1 0
github.com/TerraDharitri/drt-go-chain-keys-monitor/cmd/monitor/main.go:155.2,155.42 1 0
github.com/TerraDharitri/drt-go-chain-keys-monitor/cmd/monitor/main.go:158.134,161.19 3 0
github.com/TerraDharitri/drt-go-chain-keys-monitor/cmd/monitor/main.go:161.19,168.17 3 0
github.com/TerraDharitri/drt-go-chain-keys-monitor/cmd/monitor/main.go:168.17,170.4 1 0
github.com/TerraDharitri/drt-go-chain-keys-monitor/cmd/monitor/main.go:173.2,177.16 5 0
github.com/TerraDharitri/drt-go-chain-keys-monitor/cmd/monitor/main.go:177.16,179.3 1 0
github.com/TerraDharitri/drt-go-chain-keys-monitor/cmd/monitor/main.go:181.2,181.25 1 0
github.com/TerraDharitri/drt-go-chain-keys-monitor/cmd/monitor/main.go:184.105,185.38 1 0
github.com/TerraDharitri/drt-go-chain-keys-monitor/cmd/monitor/main.go:185.38,187.3 1 0
github.com/TerraDharitri/drt-go-chain-keys-monitor/cmd/monitor/main.go:189.2,189.58 1 0
github.com/TerraDharitri/drt-go-chain-keys-monitor/cmd/monitor/main.go:192.82,196.16 3 0
github.com/TerraDharitri/drt-go-chain-keys-monitor/cmd/monitor/main.go:196.16,198.3 1 0
github.com/TerraDharitri/drt-go-chain-keys-monitor/cmd/monitor/main.go:200.2,206.30 2 0
github.com/TerraDharitri/drt-go-chain-keys-monitor/cmd/monitor/main.go:206.30,209.17 3 0
github.com/TerraDharitri/drt-go-chain-keys-monitor/cmd/monitor/main.go:209.17,211.4 1 0
github.com/TerraDharitri/drt-go-chain-keys-monitor/cmd/monitor/main.go:214.2,216.12 2 0
github.com/TerraDharitri/drt-go-chain-keys-monitor/cmd/monitor/main.go:219.101,226.16 5 0
github.com/TerraDharitri/drt-go-chain-keys-monitor/cmd/monitor/main.go:226.16,228.3 1 0
github.com/TerraDharitri/drt-go-chain-keys-monitor/cmd/monitor/main.go:230.2,238.12 6 0
github.com/TerraDharitri/drt-go-chain-keys-monitor/cmd/monitor/main.go:241.58,243.16 2 0
github.com/TerraDharitri/drt-go-chain-keys-monitor/cmd/monitor/main.go:243.16,245.3 1 0
github.com/TerraDharitri/drt-go-chain-keys-monitor/cmd/monitor/main.go:247.2,254.16 3 0
github.com/TerraDharitri/drt-go-chain-keys-monitor/cmd/monitor/main.go:254.16,256.3 1 0
github.com/TerraDharitri/drt-go-chain-keys-monitor/cmd/monitor/main.go:258.2,260.16 3 0
github.com/TerraDharitri/drt-go-chain-keys-monitor/cmd/monitor/main.go:260.16,262.3 1 0
github.com/TerraDharitri/drt-go-chain-keys-monitor/cmd/monitor/main.go:264.2,266.68 2 0
github.com/TerraDharitri/drt-go-chain-keys-monitor/cmd/monitor/main.go:266.68,273.23 2 0
github.com/TerraDharitri/drt-go-chain-keys-monitor/cmd/monitor/main.go:273.23,275.4 1 0
github.com/TerraDharitri/drt-go-chain-keys-monitor/cmd/monitor/main.go:277.3,277.37 1 0
github.com/TerraDharitri/drt-go-chain-keys-monitor/cmd/monitor/main.go:280.2,280.12 1 0
github.com/TerraDharitri/drt-go-chain-keys-monitor/cmd/monitor/main.go:283.34,284.33 1 0
github.com/TerraDharitri/drt-go-chain-keys-monitor/cmd/monitor/main.go:284.33,287.3 2 0
github.com/TerraDharitri/drt-go-chain-keys-monitor/mock/blsKeysFetcherStub.go:11.101,12.38 1 0
github.com/TerraDharitri/drt-go-chain-keys-monitor/mock/blsKeysFetcherStub.go:12.38,14.3 1 0
github.com/TerraDharitri/drt-go-chain-keys-monitor/mock/blsKeysFetcherStub.go:16.2,16.31 1 0
github.com/TerraDharitri/drt-go-chain-keys-monitor/mock/blsKeysFetcherStub.go:20.55,22.2 1 0
github.com/TerraDharitri/drt-go-chain-keys-monitor/mock/blsKeysFilterStub.go:9.65,10.36 1 0
github.com/TerraDharitri/drt-go-chain-keys-monitor/mock/blsKeysFilterStub.go:10.36,12.3 1 0
github.com/TerraDharitri/drt-go-chain-keys-monitor/mock/blsKeysFilterStub.go:14.2,14.13 1 0
github.com/TerraDharitri/drt-go-chain-keys-monitor/mock/blsKeysFilterStub.go:18.54,20.2 1 0
github.com/TerraDharitri/drt-go-chain-keys-monitor/mock/executorStub.go:11.62,12.32 1 0
github.com/TerraDharitri/drt-go-chain-keys-monitor/mock/executorStub.go:12.32,14.3 1 0
github.com/TerraDharitri/drt-go-chain-keys-monitor/mock/executorStub.go:16.2,16.12 1 0
github.com/TerraDharitri/drt-go-chain-keys-monitor/mock/executorStub.go:20.49,22.2 1 0
github.com/TerraDharitri/drt-go-chain-keys-monitor/mock/httpClientWrapperStub.go:15.103,16.32 1 0
github.com/TerraDharitri/drt-go-chain-keys-monitor/mock/httpClientWrapperStub.go:16.32,18.3 1 0
github.com/TerraDharitri/drt-go-chain-keys-monitor/mock/httpClientWrapperStub.go:20.2,20.46 1 0
github.com/TerraDharitri/drt-go-chain-keys-monitor/mock/httpClientWrapperStub.go:24.117,25.33 1 0
github.com/TerraDharitri/drt-go-chain-keys-monitor/mock/httpClientWrapperStub.go:25.33,27.3 1 0
github.com/TerraDharitri/drt-go-chain-keys-monitor/mock/httpClientWrapperStub.go:29.2,29.46 1 0
github.com/TerraDharitri/drt-go-chain-keys-monitor/mock/httpClientWrapperStub.go:33.58,35.2 1 0
github.com/TerraDharitri/drt-go-chain-keys-monitor/mock/loggerStub.go:22.68,23.30 1 0
github.com/TerraDharitri/drt-go-chain-keys-monitor/mock/loggerStub.go:23.30,25.3 1 0
github.com/TerraDharitri/drt-go-chain-keys-monitor/mock/loggerStub.go:29.68,30.30 1 0
github.com/TerraDharitri/drt-go-chain-keys-monitor/mock/loggerStub.go:30.30,32.3 1 0
github.com/TerraDharitri/drt-go-chain-keys-monitor/mock/loggerStub.go:36.67,37.29 1 0
github.com/TerraDharitri/drt-go-chain-keys-monitor/mock/loggerStub.go:37.29,39.3 1 0
github.com/TerraDharitri/drt-go-chain-keys-monitor/mock/loggerStub.go:43.67,44.29 1 0
github.com/TerraDharitri/drt-go-chain-keys-monitor/mock/loggerStub.go:44.29,46.3 1 0
github.com/TerraDharitri/drt-go-chain-keys-monitor/mock/loggerStub.go:50.68,51.30 1 0
github.com/TerraDharitri/drt-go-chain-keys-monitor/mock/loggerStub.go:51.30,53.3 1 0
github.com/TerraDharitri/drt-go-chain-keys-monitor/mock/loggerStub.go:57.68,58.35 1 0
github.com/TerraDharitri/drt-go-chain-keys-monitor/mock/loggerStub.go:58.35,60.3 1 0
github.com/TerraDharitri/drt-go-chain-keys-monitor/mock/loggerStub.go:64.92,65.28 1 0
github.com/TerraDharitri/drt-go-chain-keys-monitor/mock/loggerStub.go:65.28,67.3 1 0
github.com/TerraDharitri/drt-go-chain-keys-monitor/mock/loggerStub.go:71.55,72.32 1 0
github.com/TerraDharitri/drt-go-chain-keys-monitor/mock/loggerStub.go:72.32,74.3 1 0
github.com/TerraDharitri/drt-go-chain-keys-monitor/mock/loggerStub.go:78.60,79.33 1 0
github.com/TerraDharitri/drt-go-chain-keys-monitor/mock/loggerStub.go:79.33,81.3 1 0
github.com/TerraDharitri/drt-go-chain-keys-monitor/mock/loggerStub.go:85.52,86.33 1 0
github.com/TerraDharitri/drt-go-chain-keys-monitor/mock/loggerStub.go:86.33,88.3 1 0
github.com/TerraDharitri/drt-go-chain-keys-monitor/mock/loggerStub.go:90.2,90.23 1 0
github.com/TerraDharitri/drt-go-chain-keys-monitor/mock/loggerStub.go:94.47,96.2 1 0
github.com/TerraDharitri/drt-go-chain-keys-monitor/mock/outputNotifierStub.go:14.86,15.39 1 0
github.com/TerraDharitri/drt-go-chain-keys-monitor/mock/outputNotifierStub.go:15.39,17.3 1 0
github.com/TerraDharitri/drt-go-chain-keys-monitor/mock/outputNotifierStub.go:19.2,19.12 1 0
github.com/TerraDharitri/drt-go-chain-keys-monitor/mock/outputNotifierStub.go:23.47,24.29 1 0
github.com/TerraDharitri/drt-go-chain-keys-monitor/mock/outputNotifierStub.go:24.29,26.3 1 0
github.com/TerraDharitri/drt-go-chain-keys-monitor/mock/outputNotifierStub.go:28.2,28.11 1 0
github.com/TerraDharitri/drt-go-chain-keys-monitor/mock/outputNotifierStub.go:32.55,34.2 1 0
github.com/TerraDharitri/drt-go-chain-keys-monitor/mock/outputNotifiersHandlerStub.go:13.110,14.40 1 0
github.com/TerraDharitri/drt-go-chain-keys-monitor/mock/outputNotifiersHandlerStub.go:14.40,16.3 1 0
github.com/TerraDharitri/drt-go-chain-keys-monitor/mock/outputNotifiersHandlerStub.go:18.2,18.12 1 0
github.com/TerraDharitri/drt-go-chain-keys-monitor/mock/outputNotifiersHandlerStub.go:22.63,24.2 1 0
github.com/TerraDharitri/drt-go-chain-keys-monitor/mock/ratingsCheckerStub.go:13.141,14.30 1 0
github.com/TerraDharitri/drt-go-chain-keys-monitor/mock/ratingsCheckerStub.go:14.30,16.3 1 0
github.com/TerraDharitri/drt-go-chain-keys-monitor/mock/ratingsCheckerStub.go:18.2,18.17 1 0
github.com/TerraDharitri/drt-go-chain-keys-monitor/mock/ratingsCheckerStub.go:22.55,24.2 1 0
github.com/TerraDharitri/drt-go-chain-keys-monitor/mock/statusHandlerStub.go:19.49,20.39 1 0
github.com/TerraDharitri/drt-go-chain-keys-monitor/mock/statusHandlerStub.go:20.39,22.3 1 0
github.com/TerraDharitri/drt-go-chain-keys-monitor/mock/statusHandlerStub.go:26.60,27.41 1 0
github.com/TerraDharitri/drt-go-chain-keys-monitor/mock/statusHandlerStub.go:27.41,29.3 1 0
github.com/TerraDharitri/drt-go-chain-keys-monitor/mock/statusHandlerStub.go:33.83,34.44 1 0
github.com/TerraDharitri/drt-go-chain-keys-monitor/mock/statusHandlerStub.go:34.44,36.3 1 0
github.com/TerraDharitri/drt-go-chain-keys-monitor/mock/statusHandlerStub.go:40.51,41.41 1 0
github.com/TerraDharitri/drt-go-chain-keys-monitor/mock/statusHandlerStub.go:41.41,43.3 1 0
github.com/TerraDharitri/drt-go-chain-keys-monitor/mock/statusHandlerStub.go:47.67,48.32 1 0
github.com/TerraDharitri/drt-go-chain-keys-monitor/mock/statusHandlerStub.go:48.32,50.3 1 0
github.com/TerraDharitri/drt-go-chain-keys-monitor/mock/statusHandlerStub.go:52.2,52.12 1 0
github.com/TerraDharitri/drt-go-chain-keys-monitor/mock/statusHandlerStub.go:56.54,58.2 1 0
github.com/TerraDharitri/drt-go-chain-keys-monitor/mock/validatorStatisticsQuerierStub.go:15.118,16.30 1 0
github.com/TerraDharitri/drt-go-chain-keys-monitor/mock/validatorStatisticsQuerierStub.go:16.30,18.3 1 0
github.com/TerraDharitri/drt-go-chain-keys-monitor/mock/validatorStatisticsQuerierStub.go:20.2,20.17 1 0
github.com/TerraDharitri/drt-go-chain-keys-monitor/mock/validatorStatisticsQuerierStub.go:24.67,26.2 1 0
github.com/TerraDharitri/drt-go-chain-keys-monitor/core/http.go:4.51,6.2 1 12
github.com/TerraDharitri/drt-go-chain-keys-monitor/core/types.go:16.60,17.27 1 5
github.com/TerraDharitri/drt-go-chain-keys-monitor/core/types.go:18.29,19.16 1 1
github.com/TerraDharitri/drt-go-chain-keys-monitor/core/types.go:20.32,21.16 1 1
github.com/TerraDharitri/drt-go-chain-keys-monitor/core/types.go:22.30,23.17 1 1
github.com/TerraDharitri/drt-go-chain-keys-monitor/core/types.go:24.10,25.73 1 2
github.com/TerraDharitri/drt-go-chain-keys-monitor/checkers/blsRatingsChecker.go:25.119,28.102 2 14
github.com/TerraDharitri/drt-go-chain-keys-monitor/checkers/blsRatingsChecker.go:28.102,30.3 1 4
github.com/TerraDharitri/drt-go-chain-keys-monitor/checkers/blsRatingsChecker.go:32.2,36.8 1 10
github.com/TerraDharitri/drt-go-chain-keys-monitor/checkers/blsRatingsChecker.go:40.143,41.23 1 8
github.com/TerraDharitri/drt-go-chain-keys-monitor/checkers/blsRatingsChecker.go:41.23,43.3 1 1
github.com/TerraDharitri/drt-go-chain-keys-monitor/checkers/blsRatingsChecker.go:45.2,46.27 2 7
github.com/TerraDharitri/drt-go-chain-keys-monitor/checkers/blsRatingsChecker.go:46.27,48.3 1 1
github.com/TerraDharitri/drt-go-chain-keys-monitor/checkers/blsRatingsChecker.go:50.2,53.33 3 7
github.com/TerraDharitri/drt-go-chain-keys-monitor/checkers/blsRatingsChecker.go:53.33,54.23 1 15
github.com/TerraDharitri/drt-go-chain-keys-monitor/checkers/blsRatingsChecker.go:54.23,55.12 1 1
github.com/TerraDharitri/drt-go-chain-keys-monitor/checkers/blsRatingsChecker.go:58.3,60.13 3 14
github.com/TerraDharitri/drt-go-chain-keys-monitor/checkers/blsRatingsChecker.go:60.13,61.12 1 1
github.com/TerraDharitri/drt-go-chain-keys-monitor/checkers/blsRatingsChecker.go:63.3,63.39 1 13
github.com/TerraDharitri/drt-go-chain-keys-monitor/checkers/blsRatingsChecker.go:63.39,69.12 3 2
github.com/TerraDharitri/drt-go-chain-keys-monitor/checkers/blsRatingsChecker.go:71.3,71.39 1 11
github.com/TerraDharitri/drt-go-chain-keys-monitor/checkers/blsRatingsChecker.go:71.39,72.12 1 4
github.com/TerraDharitri/drt-go-chain-keys-monitor/checkers/blsRatingsChecker.go:74.3,74.67 1 7
github.com/TerraDharitri/drt-go-chain-keys-monitor/checkers/blsRatingsChecker.go:74.67,75.12 1 1
github.com/TerraDharitri/drt-go-chain-keys-monitor/checkers/blsRatingsChecker.go:78.3,82.5 2 6
github.com/TerraDharitri/drt-go-chain-keys-monitor/checkers/blsRatingsChecker.go:85.2,85.21 1 7
github.com/TerraDharitri/drt-go-chain-keys-monitor/checkers/blsRatingsChecker.go:89.57,91.2 1 2
github.com/TerraDharitri/drt-go-chain-keys-monitor/executors/disabled/disabledBLSKeysFilter.go:6.56,8.2 1 2
github.com/TerraDharitri/drt-go-chain-keys-monitor/executors/disabled/disabledBLSKeysFilter.go:11.68,13.2 1 2
github.com/TerraDharitri/drt-go-chain-keys-monitor/executors/disabled/disabledBLSKeysFilter.go:16.62,18.2 1 2
github.com/TerraDharitri/drt-go-chain-keys-monitor/executors/disabled/disabledCloser.go:7.42,9.2 1 2
github.com/TerraDharitri/drt-go-chain-keys-monitor/executors/disabled/disabledCloser.go:12.47,14.2 1 1
github.com/TerraDharitri/drt-go-chain-keys-monitor/executors/disabled/disabledStatusHandler.go:13.56,15.2 1 2
github.com/TerraDharitri/drt-go-chain-keys-monitor/executors/disabled/disabledStatusHandler.go:18.58,19.2 0 1
github.com/TerraDharitri/drt-go-chain-keys-monitor/executors/disabled/disabledStatusHandler.go:22.67,23.2 0 1
github.com/TerraDharitri/drt-go-chain-keys-monitor/executors/disabled/disabledStatusHandler.go:26.85,27.2 0 1
github.com/TerraDharitri/drt-go-chain-keys-monitor/executors/disabled/disabledStatusHandler.go:30.73,32.2 1 1
github.com/TerraDharitri/drt-go-chain-keys-monitor/executors/disabled/disabledStatusHandler.go:35.60,36.2 0 1
github.com/TerraDharitri/drt-go-chain-keys-monitor/executors/disabled/disabledStatusHandler.go:39.62,41.2 1 2
github.com/TerraDharitri/drt-go-chain-keys-monitor/executors/blsKeysExecutor.go:44.77,45.38 1 18
github.com/TerraDharitri/drt-go-chain-keys-monitor/executors/blsKeysExecutor.go:45.38,47.3 1 1
github.com/TerraDharitri/drt-go-chain-keys-monitor/executors/blsKeysExecutor.go:48.2,48.46 1 17
github.com/TerraDharitri/drt-go-chain-keys-monitor/executors/blsKeysExecutor.go:48.46,50.3 1 1
github.com/TerraDharitri/drt-go-chain-keys-monitor/executors/blsKeysExecutor.go:51.2,51.50 1 16
github.com/TerraDharitri/drt-go-chain-keys-monitor/executors/blsKeysExecutor.go:51.50,53.3 1 1
github.com/TerraDharitri/drt-go-chain-keys-monitor/executors/blsKeysExecutor.go:54.2,54.37 1 15
github.com/TerraDharitri/drt-go-chain-keys-monitor/executors/blsKeysExecutor.go:54.37,56.3 1 1
github.com/TerraDharitri/drt-go-chain-keys-monitor/executors/blsKeysExecutor.go:57.2,57.38 1 14
github.com/TerraDharitri/drt-go-chain-keys-monitor/executors/blsKeysExecutor.go:57.38,59.3 1 1
github.com/TerraDharitri/drt-go-chain-keys-monitor/executors/blsKeysExecutor.go:60.2,60.37 1 13
github.com/TerraDharitri/drt-go-chain-keys-monitor/executors/blsKeysExecutor.go:60.37,62.3 1 1
github.com/TerraDharitri/drt-go-chain-keys-monitor/executors/blsKeysExecutor.go:64.2,73.8 1 12
github.com/TerraDharitri/drt-go-chain-keys-monitor/executors/blsKeysExecutor.go:77.69,80.16 3 7
github.com/TerraDharitri/drt-go-chain-keys-monitor/executors/blsKeysExecutor.go:80.16,85.3 3 1
github.com/TerraDharitri/drt-go-chain-keys-monitor/executors/blsKeysExecutor.go:87.2,88.16 2 6
github.com/TerraDharitri/drt-go-chain-keys-monitor/executors/blsKeysExecutor.go:88.16,93.3 3 1
github.com/TerraDharitri/drt-go-chain-keys-monitor/executors/blsKeysExecutor.go:95.2,96.16 2 5
github.com/TerraDharitri/drt-go-chain-keys-monitor/executors/blsKeysExecutor.go:96.16,101.3 3 1
github.com/TerraDharitri/drt-go-chain-keys-monitor/executors/blsKeysExecutor.go:103.2,104.31 2 4
github.com/TerraDharitri/drt-go-chain-keys-monitor/executors/blsKeysExecutor.go:104.31,108.3 2 2
github.com/TerraDharitri/drt-go-chain-keys-monitor/executors/blsKeysExecutor.go:110.2,113.16 4 2
github.com/TerraDharitri/drt-go-chain-keys-monitor/executors/blsKeysExecutor.go:113.16,116.3 2 1
github.com/TerraDharitri/drt-go-chain-keys-monitor/executors/blsKeysExecutor.go:118.2,118.12 1 2
github.com/TerraDharitri/drt-go-chain-keys-monitor/executors/blsKeysExecutor.go:121.107,123.38 2 4
github.com/TerraDharitri/drt-go-chain-keys-monitor/executors/blsKeysExecutor.go:123.38,125.19 2 6
github.com/TerraDharitri/drt-go-chain-keys-monitor/executors/blsKeysExecutor.go:125.19,127.4 1 4
github.com/TerraDharitri/drt-go-chain-keys-monitor/executors/blsKeysExecutor.go:130.2,130.15 1 4
github.com/TerraDharitri/drt-go-chain-keys-monitor/executors/blsKeysExecutor.go:133.108,135.38 2 2
github.com/TerraDharitri/drt-go-chain-keys-monitor/executors/blsKeysExecutor.go:135.38,147.3 2 4
github.com/TerraDharitri/drt-go-chain-keys-monitor/executors/blsKeysExecutor.go:149.2,149.15 1 2
github.com/TerraDharitri/drt-go-chain-keys-monitor/executors/blsKeysExecutor.go:152.48,155.47 3 13
github.com/TerraDharitri/drt-go-chain-keys-monitor/executors/blsKeysExecutor.go:155.47,157.3 1 10
github.com/TerraDharitri/drt-go-chain-keys-monitor/executors/blsKeysExecutor.go:159.2,159.121 1 3
github.com/TerraDharitri/drt-go-chain-keys-monitor/executors/blsKeysExecutor.go:162.76,163.36 1 8
github.com/TerraDharitri/drt-go-chain-keys-monitor/executors/blsKeysExecutor.go:163.36,165.3 1 1
github.com/TerraDharitri/drt-go-chain-keys-monitor/executors/blsKeysExecutor.go:167.2,168.16 2 7
github.com/TerraDharitri/drt-go-chain-keys-monitor/executors/blsKeysExecutor.go:168.16,171.3 1 1
github.com/TerraDharitri/drt-go-chain-keys-monitor/executors/blsKeysExecutor.go:173.2,173.15 1 7
github.com/TerraDharitri/drt-go-chain-keys-monitor/executors/blsKeysExecutor.go:177.56,179.2 1 2
github.com/TerraDharitri/drt-go-chain-keys-monitor/executors/blsKeysTimeCache.go:26.80,27.37 1 4
github.com/TerraDharitri/drt-go-chain-keys-monitor/executors/blsKeysTimeCache.go:27.37,29.3 1 1
github.com/TerraDharitri/drt-go-chain-keys-monitor/executors/blsKeysTimeCache.go:31.2,36.8 1 3
github.com/TerraDharitri/drt-go-chain-keys-monitor/executors/blsKeysTimeCache.go:40.69,47.17 5 16
github.com/TerraDharitri/drt-go-chain-keys-monitor/executors/blsKeysTimeCache.go:47.17,52.3 2 5
github.com/TerraDharitri/drt-go-chain-keys-monitor/executors/blsKeysTimeCache.go:53.2,53.78 1 16
github.com/TerraDharitri/drt-go-chain-keys-monitor/executors/blsKeysTimeCache.go:53.78,56.3 2 1
github.com/TerraDharitri/drt-go-chain-keys-monitor/executors/blsKeysTimeCache.go:58.2,61.22 3 16
github.com/TerraDharitri/drt-go-chain-keys-monitor/executors/blsKeysTimeCache.go:65.58,67.2 1 2
github.com/TerraDharitri/drt-go-chain-keys-monitor/executors/notifiersHandler.go:27.80,28.46 1 11
github.com/TerraDharitri/drt-go-chain-keys-monitor/executors/notifiersHandler.go:28.46,29.28 1 16
github.com/TerraDharitri/drt-go-chain-keys-monitor/executors/notifiersHandler.go:29.28,31.4 1 1
github.com/TerraDharitri/drt-go-chain-keys-monitor/executors/notifiersHandler.go:33.2,33.53 1 10
github.com/TerraDharitri/drt-go-chain-keys-monitor/executors/notifiersHandler.go:33.53,35.3 1 1
github.com/TerraDharitri/drt-go-chain-keys-monitor/executors/notifiersHandler.go:37.2,41.8 1 9
github.com/TerraDharitri/drt-go-chain-keys-monitor/executors/notifiersHandler.go:46.103,54.2 4 11
github.com/TerraDharitri/drt-go-chain-keys-monitor/executors/notifiersHandler.go:56.129,57.24 1 11
github.com/TerraDharitri/drt-go-chain-keys-monitor/executors/notifiersHandler.go:57.24,59.3 1 4
github.com/TerraDharitri/drt-go-chain-keys-monitor/executors/notifiersHandler.go:61.2,61.45 1 7
github.com/TerraDharitri/drt-go-chain-keys-monitor/executors/notifiersHandler.go:61.45,63.17 2 12
github.com/TerraDharitri/drt-go-chain-keys-monitor/executors/notifiersHandler.go:63.17,67.4 3 6
github.com/TerraDharitri/drt-go-chain-keys-monitor/executors/notifiersHandler.go:71.133,72.63 1 11
github.com/TerraDharitri/drt-go-chain-keys-monitor/executors/notifiersHandler.go:72.63,75.3 2 6
github.com/TerraDharitri/drt-go-chain-keys-monitor/executors/notifiersHandler.go:77.2,77.50 1 5
github.com/TerraDharitri/drt-go-chain-keys-monitor/executors/notifiersHandler.go:77.50,81.37 3 6
github.com/TerraDharitri/drt-go-chain-keys-monitor/executors/notifiersHandler.go:81.37,83.4 1 2
github.com/TerraDharitri/drt-go-chain-keys-monitor/executors/notifiersHandler.go:86.2,86.118 1 3
github.com/TerraDharitri/drt-go-chain-keys-monitor/executors/notifiersHandler.go:89.151,90.57 1 6
github.com/TerraDharitri/drt-go-chain-keys-monitor/executors/notifiersHandler.go:90.57,92.17 2 8
github.com/TerraDharitri/drt-go-chain-keys-monitor/executors/notifiersHandler.go:92.17,94.12 2 2
github.com/TerraDharitri/drt-go-chain-keys-monitor/executors/notifiersHandler.go:97.3,98.67 1 6
github.com/TerraDharitri/drt-go-chain-keys-monitor/executors/notifiersHandler.go:103.57,105.2 1 6
github.com/TerraDharitri/drt-go-chain-keys-monitor/executors/notifiersHandler.go:108.56,110.2 1 2
github.com/TerraDharitri/drt-go-chain-keys-monitor/executors/statusHandler.go:25.101,26.35 1 5
github.com/TerraDharitri/drt-go-chain-keys-monitor/executors/statusHandler.go:26.35,28.3 1 1
github.com/TerraDharitri/drt-go-chain-keys-monitor/executors/statusHandler.go:30.2,36.21 2 4
github.com/TerraDharitri/drt-go-chain-keys-monitor/executors/statusHandler.go:40.48,48.16 3 2
github.com/TerraDharitri/drt-go-chain-keys-monitor/executors/statusHandler.go:48.16,50.3 1 1
github.com/TerraDharitri/drt-go-chain-keys-monitor/executors/statusHandler.go:54.59,55.16 1 4
github.com/TerraDharitri/drt-go-chain-keys-monitor/executors/statusHandler.go:55.16,57.3 1 1
github.com/TerraDharitri/drt-go-chain-keys-monitor/executors/statusHandler.go:59.2,61.41 2 3
github.com/TerraDharitri/drt-go-chain-keys-monitor/executors/statusHandler.go:65.82,67.31 2 4
github.com/TerraDharitri/drt-go-chain-keys-monitor/executors/statusHandler.go:67.31,69.3 1 4
github.com/TerraDharitri/drt-go-chain-keys-monitor/executors/statusHandler.go:70.2,70.22 1 4
github.com/TerraDharitri/drt-go-chain-keys-monitor/executors/statusHandler.go:74.64,88.2 7 4
github.com/TerraDharitri/drt-go-chain-keys-monitor/executors/statusHandler.go:90.88,97.20 2 4
github.com/TerraDharitri/drt-go-chain-keys-monitor/executors/statusHandler.go:97.20,99.3 1 3
github.com/TerraDharitri/drt-go-chain-keys-monitor/executors/statusHandler.go:101.2,105.12 4 1
github.com/TerraDharitri/drt-go-chain-keys-monitor/executors/statusHandler.go:108.103,115.29 2 4
github.com/TerraDharitri/drt-go-chain-keys-monitor/executors/statusHandler.go:115.29,117.3 1 3
github.com/TerraDharitri/drt-go-chain-keys-monitor/executors/statusHandler.go:119.2,123.12 4 1
github.com/TerraDharitri/drt-go-chain-keys-monitor/executors/statusHandler.go:126.71,134.2 2 1
github.com/TerraDharitri/drt-go-chain-keys-monitor/executors/statusHandler.go:137.50,142.2 2 1
github.com/TerraDharitri/drt-go-chain-keys-monitor/executors/statusHandler.go:145.53,147.2 1 2
github.com/TerraDharitri/drt-go-chain-keys-monitor/executors/statusHandlerTrigger.go:31.92,32.26 1 23
github.com/TerraDharitri/drt-go-chain-keys-monitor/executors/statusHandlerTrigger.go:32.26,34.3 1 1
github.com/TerraDharitri/drt-go-chain-keys-monitor/executors/statusHandlerTrigger.go:35.2,35.32 1 22
github.com/TerraDharitri/drt-go-chain-keys-monitor/executors/statusHandlerTrigger.go:35.32,37.3 1 1
github.com/TerraDharitri/drt-go-chain-keys-monitor/executors/statusHandlerTrigger.go:38.2,38.76 1 21
github.com/TerraDharitri/drt-go-chain-keys-monitor/executors/statusHandlerTrigger.go:38.76,40.3 1 4
github.com/TerraDharitri/drt-go-chain-keys-monitor/executors/statusHandlerTrigger.go:41.2,41.51 1 17
github.com/TerraDharitri/drt-go-chain-keys-monitor/executors/statusHandlerTrigger.go:41.51,43.3 1 4
github.com/TerraDharitri/drt-go-chain-keys-monitor/executors/statusHandlerTrigger.go:44.2,44.55 1 13
github.com/TerraDharitri/drt-go-chain-keys-monitor/executors/statusHandlerTrigger.go:44.55,46.3 1 8
github.com/TerraDharitri/drt-go-chain-keys-monitor/executors/statusHandlerTrigger.go:48.2,55.8 1 5
github.com/TerraDharitri/drt-go-chain-keys-monitor/executors/statusHandlerTrigger.go:59.73,66.47 2 40322
github.com/TerraDharitri/drt-go-chain-keys-monitor/executors/statusHandlerTrigger.go:66.47,69.3 2 17281
github.com/TerraDharitri/drt-go-chain-keys-monitor/executors/statusHandlerTrigger.go:70.2,70.47 1 23041
github.com/TerraDharitri/drt-go-chain-keys-monitor/executors/statusHandlerTrigger.go:70.47,73.3 2 22081
github.com/TerraDharitri/drt-go-chain-keys-monitor/executors/statusHandlerTrigger.go:74.2,74.51 1 960
github.com/TerraDharitri/drt-go-chain-keys-monitor/executors/statusHandlerTrigger.go:74.51,77.3 2 944
github.com/TerraDharitri/drt-go-chain-keys-monitor/executors/statusHandlerTrigger.go:79.2,79.27 1 16
github.com/TerraDharitri/drt-go-chain-keys-monitor/executors/statusHandlerTrigger.go:79.27,82.3 2 8
github.com/TerraDharitri/drt-go-chain-keys-monitor/executors/statusHandlerTrigger.go:84.2,84.12 1 8
github.com/TerraDharitri/drt-go-chain-keys-monitor/executors/statusHandlerTrigger.go:87.86,88.45 1 40322
github.com/TerraDharitri/drt-go-chain-keys-monitor/executors/statusHandlerTrigger.go:88.45,90.3 1 20161
github.com/TerraDharitri/drt-go-chain-keys-monitor/executors/statusHandlerTrigger.go:92.2,92.52 1 20161
github.com/TerraDharitri/drt-go-chain-keys-monitor/executors/statusHandlerTrigger.go:96.60,98.2 1 2
github.com/TerraDharitri/drt-go-chain-keys-monitor/mock/blsKeysFetcherStub.go:11.101,12.38 1 6
github.com/TerraDharitri/drt-go-chain-keys-monitor/mock/blsKeysFetcherStub.go:12.38,14.3 1 4
github.com/TerraDharitri/drt-go-chain-keys-monitor/mock/blsKeysFetcherStub.go:16.2,16.31 1 2
github.com/TerraDharitri/drt-go-chain-keys-monitor/mock/blsKeysFetcherStub.go:20.55,22.2 1 13
github.com/TerraDharitri/drt-go-chain-keys-monitor/mock/blsKeysFilterStub.go:9.65,10.36 1 6
github.com/TerraDharitri/drt-go-chain-keys-monitor/mock/blsKeysFilterStub.go:10.36,12.3 1 2
github.com/TerraDharitri/drt-go-chain-keys-monitor/mock/blsKeysFilterStub.go:14.2,14.13 1 4
github.com/TerraDharitri/drt-go-chain-keys-monitor/mock/blsKeysFilterStub.go:18.54,20.2 1 12
github.com/TerraDharitri/drt-go-chain-keys-monitor/mock/executorStub.go:11.62,12.32 1 8
github.com/TerraDharitri/drt-go-chain-keys-monitor/mock/executorStub.go:12.32,14.3 1 8
github.com/TerraDharitri/drt-go-chain-keys-monitor/mock/executorStub.go:16.2,16.12 1 0
github.com/TerraDharitri/drt-go-chain-keys-monitor/mock/executorStub.go:20.49,22.2 1 21
github.com/TerraDharitri/drt-go-chain-keys-monitor/mock/httpClientWrapperStub.go:15.103,16.32 1 0
github.com/TerraDharitri/drt-go-chain-keys-monitor/mock/httpClientWrapperStub.go:16.32,18.3 1 0
github.com/TerraDharitri/drt-go-chain-keys-monitor/mock/httpClientWrapperStub.go:20.2,20.46 1 0
github.com/TerraDharitri/drt-go-chain-keys-monitor/mock/httpClientWrapperStub.go:24.117,25.33 1 0
github.com/TerraDharitri/drt-go-chain-keys-monitor/mock/httpClientWrapperStub.go:25.33,27.3 1 0
github.com/TerraDharitri/drt-go-chain-keys-monitor/mock/httpClientWrapperStub.go:29.2,29.46 1 0
github.com/TerraDharitri/drt-go-chain-keys-monitor/mock/httpClientWrapperStub.go:33.58,35.2 1 0
github.com/TerraDharitri/drt-go-chain-keys-monitor/mock/loggerStub.go:22.68,23.30 1 0
github.com/TerraDharitri/drt-go-chain-keys-monitor/mock/loggerStub.go:23.30,25.3 1 0
github.com/TerraDharitri/drt-go-chain-keys-monitor/mock/loggerStub.go:29.68,30.30 1 0
github.com/TerraDharitri/drt-go-chain-keys-monitor/mock/loggerStub.go:30.30,32.3 1 0
github.com/TerraDharitri/drt-go-chain-keys-monitor/mock/loggerStub.go:36.67,37.29 1 0
github.com/TerraDharitri/drt-go-chain-keys-monitor/mock/loggerStub.go:37.29,39.3 1 0
github.com/TerraDharitri/drt-go-chain-keys-monitor/mock/loggerStub.go:43.67,44.29 1 0
github.com/TerraDharitri/drt-go-chain-keys-monitor/mock/loggerStub.go:44.29,46.3 1 0
github.com/TerraDharitri/drt-go-chain-keys-monitor/mock/loggerStub.go:50.68,51.30 1 0
github.com/TerraDharitri/drt-go-chain-keys-monitor/mock/loggerStub.go:51.30,53.3 1 0
github.com/TerraDharitri/drt-go-chain-keys-monitor/mock/loggerStub.go:57.68,58.35 1 0
github.com/TerraDharitri/drt-go-chain-keys-monitor/mock/loggerStub.go:58.35,60.3 1 0
github.com/TerraDharitri/drt-go-chain-keys-monitor/mock/loggerStub.go:64.92,65.28 1 0
github.com/TerraDharitri/drt-go-chain-keys-monitor/mock/loggerStub.go:65.28,67.3 1 0
github.com/TerraDharitri/drt-go-chain-keys-monitor/mock/loggerStub.go:71.55,72.32 1 0
github.com/TerraDharitri/drt-go-chain-keys-monitor/mock/loggerStub.go:72.32,74.3 1 0
github.com/TerraDharitri/drt-go-chain-keys-monitor/mock/loggerStub.go:78.60,79.33 1 0
github.com/TerraDharitri/drt-go-chain-keys-monitor/mock/loggerStub.go:79.33,81.3 1 0
github.com/TerraDharitri/drt-go-chain-keys-monitor/mock/loggerStub.go:85.52,86.33 1 0
github.com/TerraDharitri/drt-go-chain-keys-monitor/mock/loggerStub.go:86.33,88.3 1 0
github.com/TerraDharitri/drt-go-chain-keys-monitor/mock/loggerStub.go:90.2,90.23 1 0
github.com/TerraDharitri/drt-go-chain-keys-monitor/mock/loggerStub.go:94.47,96.2 1 0
github.com/TerraDharitri/drt-go-chain-keys-monitor/mock/outputNotifierStub.go:14.86,15.39 1 20
github.com/TerraDharitri/drt-go-chain-keys-monitor/mock/outputNotifierStub.go:15.39,17.3 1 20
github.com/TerraDharitri/drt-go-chain-keys-monitor/mock/outputNotifierStub.go:19.2,19.12 1 0
github.com/TerraDharitri/drt-go-chain-keys-monitor/mock/outputNotifierStub.go:23.47,24.29 1 6
github.com/TerraDharitri/drt-go-chain-keys-monitor/mock/outputNotifierStub.go:24.29,26.3 1 0
github.com/TerraDharitri/drt-go-chain-keys-monitor/mock/outputNotifierStub.go:28.2,28.11 1 6
github.com/TerraDharitri/drt-go-chain-keys-monitor/mock/outputNotifierStub.go:32.55,34.2 1 15
github.com/TerraDharitri/drt-go-chain-keys-monitor/mock/outputNotifiersHandlerStub.go:13.110,14.40 1 9
github.com/TerraDharitri/drt-go-chain-keys-monitor/mock/outputNotifiersHandlerStub.go:14.40,16.3 1 9
github.com/TerraDharitri/drt-go-chain-keys-monitor/mock/outputNotifiersHandlerStub.go:18.2,18.12 1 0
github.com/TerraDharitri/drt-go-chain-keys-monitor/mock/outputNotifiersHandlerStub.go:22.63,24.2 1 20
github.com/TerraDharitri/drt-go-chain-keys-monitor/mock/ratingsCheckerStub.go:13.141,14.30 1 5
github.com/TerraDharitri/drt-go-chain-keys-monitor/mock/ratingsCheckerStub.go:14.30,16.3 1 5
github.com/TerraDharitri/drt-go-chain-keys-monitor/mock/ratingsCheckerStub.go:18.2,18.17 1 0
github.com/TerraDharitri/drt-go-chain-keys-monitor/mock/ratingsCheckerStub.go:22.55,24.2 1 17
github.com/TerraDharitri/drt-go-chain-keys-monitor/mock/statusHandlerStub.go:19.49,20.39 1 0
github.com/TerraDharitri/drt-go-chain-keys-monitor/mock/statusHandlerStub.go:20.39,22.3 1 0
github.com/TerraDharitri/drt-go-chain-keys-monitor/mock/statusHandlerStub.go:26.60,27.41 1 4
github.com/TerraDharitri/drt-go-chain-keys-monitor/mock/statusHandlerStub.go:27.41,29.3 1 4
github.com/TerraDharitri/drt-go-chain-keys-monitor/mock/statusHandlerStub.go:33.83,34.44 1 2
github.com/TerraDharitri/drt-go-chain-keys-monitor/mock/statusHandlerStub.go:34.44,36.3 1 2
github.com/TerraDharitri/drt-go-chain-keys-monitor/mock/statusHandlerStub.go:40.51,41.41 1 0
github.com/TerraDharitri/drt-go-chain-keys-monitor/mock/statusHandlerStub.go:41.41,43.3 1 0
github.com/TerraDharitri/drt-go-chain-keys-monitor/mock/statusHandlerStub.go:47.67,48.32 1 0
github.com/TerraDharitri/drt-go-chain-keys-monitor/mock/statusHandlerStub.go:48.32,50.3 1 0
github.com/TerraDharitri/drt-go-chain-keys-monitor/mock/statusHandlerStub.go:52.2,52.12 1 0
github.com/TerraDharitri/drt-go-chain-keys-monitor/mock/statusHandlerStub.go:56.54,58.2 1 14
github.com/TerraDharitri/drt-go-chain-keys-monitor/mock/validatorStatisticsQuerierStub.go:15.118,16.30 1 7
github.com/TerraDharitri/drt-go-chain-keys-monitor/mock/validatorStatisticsQuerierStub.go:16.30,18.3 1 7
github.com/TerraDharitri/drt-go-chain-keys-monitor/mock/validatorStatisticsQuerierStub.go:20.2,20.17 1 0
github.com/TerraDharitri/drt-go-chain-keys-monitor/mock/validatorStatisticsQuerierStub.go:24.67,26.2 1 15
github.com/TerraDharitri/drt-go-chain-keys-monitor/factory/blsKeysFilterFactory.go:12.86,13.18 1 5
github.com/TerraDharitri/drt-go-chain-keys-monitor/factory/blsKeysFilterFactory.go:13.18,15.3 1 4
github.com/TerraDharitri/drt-go-chain-keys-monitor/factory/blsKeysFilterFactory.go:17.2,23.44 2 1
github.com/TerraDharitri/drt-go-chain-keys-monitor/factory/blsKeysMonitorFactory.go:23.20,26.16 3 4
github.com/TerraDharitri/drt-go-chain-keys-monitor/factory/blsKeysMonitorFactory.go:26.16,28.3 1 1
github.com/TerraDharitri/drt-go-chain-keys-monitor/factory/blsKeysMonitorFactory.go:30.2,31.16 2 3
github.com/TerraDharitri/drt-go-chain-keys-monitor/factory/blsKeysMonitorFactory.go:31.16,33.3 1 0
github.com/TerraDharitri/drt-go-chain-keys-monitor/factory/blsKeysMonitorFactory.go:35.2,37.16 3 3
github.com/TerraDharitri/drt-go-chain-keys-monitor/factory/blsKeysMonitorFactory.go:37.16,39.3 1 0
github.com/TerraDharitri/drt-go-chain-keys-monitor/factory/blsKeysMonitorFactory.go:41.2,42.16 2 3
github.com/TerraDharitri/drt-go-chain-keys-monitor/factory/blsKeysMonitorFactory.go:42.16,44.3 1 0
github.com/TerraDharitri/drt-go-chain-keys-monitor/factory/blsKeysMonitorFactory.go:46.2,47.16 2 3
github.com/TerraDharitri/drt-go-chain-keys-monitor/factory/blsKeysMonitorFactory.go:47.16,49.3 1 0
github.com/TerraDharitri/drt-go-chain-keys-monitor/factory/blsKeysMonitorFactory.go:51.2,63.16 3 3
github.com/TerraDharitri/drt-go-chain-keys-monitor/factory/blsKeysMonitorFactory.go:63.16,65.3 1 1
github.com/TerraDharitri/drt-go-chain-keys-monitor/factory/blsKeysMonitorFactory.go:67.2,70.12 1 2
github.com/TerraDharitri/drt-go-chain-keys-monitor/factory/notifiersFactory.go:13.93,18.16 4 6
github.com/TerraDharitri/drt-go-chain-keys-monitor/factory/notifiersFactory.go:18.16,20.3 1 0
github.com/TerraDharitri/drt-go-chain-keys-monitor/factory/notifiersFactory.go:21.2,26.55 3 6
github.com/TerraDharitri/drt-go-chain-keys-monitor/factory/notifiersFactory.go:26.55,31.3 3 2
github.com/TerraDharitri/drt-go-chain-keys-monitor/factory/notifiersFactory.go:32.2,32.51 1 6
github.com/TerraDharitri/drt-go-chain-keys-monitor/factory/notifiersFactory.go:32.51,43.3 3 1
github.com/TerraDharitri/drt-go-chain-keys-monitor/factory/notifiersFactory.go:44.2,44.55 1 6
github.com/TerraDharitri/drt-go-chain-keys-monitor/factory/notifiersFactory.go:44.55,49.3 3 2
github.com/TerraDharitri/drt-go-chain-keys-monitor/factory/notifiersFactory.go:50.2,50.52 1 6
github.com/TerraDharitri/drt-go-chain-keys-monitor/factory/notifiersFactory.go:50.52,55.3 3 0
github.com/TerraDharitri/drt-go-chain-keys-monitor/factory/notifiersFactory.go:57.2,57.29 1 6
github.com/TerraDharitri/drt-go-chain-keys-monitor/factory/notifiersFactory.go:60.86,68.72 3 2
github.com/TerraDharitri/drt-go-chain-keys-monitor/factory/notifiersFactory.go:68.72,76.3 2 2
github.com/TerraDharitri/drt-go-chain-keys-monitor/factory/notifiersFactory.go:78.2,78.26 1 2
github.com/TerraDharitri/drt-go-chain-keys-monitor/factory/notifiersFactory.go:81.86,89.72 3 2
github.com/TerraDharitri/drt-go-chain-keys-monitor/factory/notifiersFactory.go:89.72,97.3 2 2
github.com/TerraDharitri/drt-go-chain-keys-monitor/factory/notifiersFactory.go:99.2,99.26 1 2
github.com/TerraDharitri/drt-go-chain-keys-monitor/factory/notifiersFactory.go:102.83,109.69 3 0
github.com/TerraDharitri/drt-go-chain-keys-monitor/factory/notifiersFactory.go:109.69,116.3 2 0
github.com/TerraDharitri/drt-go-chain-keys-monitor/factory/notifiersFactory.go:118.2,118.26 1 0
github.com/TerraDharitri/drt-go-chain-keys-monitor/factory/statusHandlerFactory.go:22.47,23.44 1 5
github.com/TerraDharitri/drt-go-chain-keys-monitor/factory/statusHandlerFactory.go:23.44,25.3 1 1
github.com/TerraDharitri/drt-go-chain-keys-monitor/factory/statusHandlerFactory.go:27.2,28.16 2 4
github.com/TerraDharitri/drt-go-chain-keys-monitor/factory/statusHandlerFactory.go:28.16,30.3 1 1
github.com/TerraDharitri/drt-go-chain-keys-monitor/factory/statusHandlerFactory.go:32.2,35.16 3 3
github.com/TerraDharitri/drt-go-chain-keys-monitor/factory/statusHandlerFactory.go:35.16,37.3 1 1
github.com/TerraDharitri/drt-go-chain-keys-monitor/factory/statusHandlerFactory.go:39.2,48.16 3 2
github.com/TerraDharitri/drt-go-chain-keys-monitor/factory/statusHandlerFactory.go:48.16,50.3 1 1
github.com/TerraDharitri/drt-go-chain-keys-monitor/factory/statusHandlerFactory.go:52.2,61.16 3 1
github.com/TerraDharitri/drt-go-chain-keys-monitor/factory/statusHandlerFactory.go:61.16,63.3 1 0
github.com/TerraDharitri/drt-go-chain-keys-monitor/factory/statusHandlerFactory.go:65.2,65.76 1 1
github.com/TerraDharitri/drt-go-chain-keys-monitor/factory/statusHandlerFactory.go:68.59,70.19 2 11
github.com/TerraDharitri/drt-go-chain-keys-monitor/factory/statusHandlerFactory.go:71.19,72.32 1 3
github.com/TerraDharitri/drt-go-chain-keys-monitor/factory/statusHandlerFactory.go:73.16,74.26 1 1
github.com/TerraDharitri/drt-go-chain-keys-monitor/factory/statusHandlerFactory.go:75.17,76.27 1 1
github.com/TerraDharitri/drt-go-chain-keys-monitor/factory/statusHandlerFactory.go:77.19,78.29 1 1
github.com/TerraDharitri/drt-go-chain-keys-monitor/factory/statusHandlerFactory.go:79.18,80.28 1 1
github.com/TerraDharitri/drt-go-chain-keys-monitor/factory/statusHandlerFactory.go:81.16,82.26 1 1
github.com/TerraDharitri/drt-go-chain-keys-monitor/factory/statusHandlerFactory.go:83.18,84.28 1 1
github.com/TerraDharitri/drt-go-chain-keys-monitor/factory/statusHandlerFactory.go:85.16,86.26 1 1
github.com/TerraDharitri/drt-go-chain-keys-monitor/factory/statusHandlerFactory.go:89.2,89.72 1 1
github.com/TerraDharitri/drt-go-chain-keys-monitor/mock/blsKeysFetcherStub.go:11.101,12.38 1 0
github.com/TerraDharitri/drt-go-chain-keys-monitor/mock/blsKeysFetcherStub.go:12.38,14.3 1 0
github.com/TerraDharitri/drt-go-chain-keys-monitor/mock/blsKeysFetcherStub.go:16.2,16.31 1 0
github.com/TerraDharitri/drt-go-chain-keys-monitor/mock/blsKeysFetcherStub.go:20.55,22.2 1 0
github.com/TerraDharitri/drt-go-chain-keys-monitor/mock/blsKeysFilterStub.go:9.65,10.36 1 0
github.com/TerraDharitri/drt-go-chain-keys-monitor/mock/blsKeysFilterStub.go:10.36,12.3 1 0
github.com/TerraDharitri/drt-go-chain-keys-monitor/mock/blsKeysFilterStub.go:14.2,14.13 1 0
github.com/TerraDharitri/drt-go-chain-keys-monitor/mock/blsKeysFilterStub.go:18.54,20.2 1 0
github.com/TerraDharitri/drt-go-chain-keys-monitor/mock/executorStub.go:11.62,12.32 1 0
github.com/TerraDharitri/drt-go-chain-keys-monitor/mock/executorStub.go:12.32,14.3 1 0
github.com/TerraDharitri/drt-go-chain-keys-monitor/mock/executorStub.go:16.2,16.12 1 0
github.com/TerraDharitri/drt-go-chain-keys-monitor/mock/executorStub.go:20.49,22.2 1 0
github.com/TerraDharitri/drt-go-chain-keys-monitor/mock/httpClientWrapperStub.go:15.103,16.32 1 0
github.com/TerraDharitri/drt-go-chain-keys-monitor/mock/httpClientWrapperStub.go:16.32,18.3 1 0
github.com/TerraDharitri/drt-go-chain-keys-monitor/mock/httpClientWrapperStub.go:20.2,20.46 1 0
github.com/TerraDharitri/drt-go-chain-keys-monitor/mock/httpClientWrapperStub.go:24.117,25.33 1 0
github.com/TerraDharitri/drt-go-chain-keys-monitor/mock/httpClientWrapperStub.go:25.33,27.3 1 0
github.com/TerraDharitri/drt-go-chain-keys-monitor/mock/httpClientWrapperStub.go:29.2,29.46 1 0
github.com/TerraDharitri/drt-go-chain-keys-monitor/mock/httpClientWrapperStub.go:33.58,35.2 1 0
github.com/TerraDharitri/drt-go-chain-keys-monitor/mock/loggerStub.go:22.68,23.30 1 0
github.com/TerraDharitri/drt-go-chain-keys-monitor/mock/loggerStub.go:23.30,25.3 1 0
github.com/TerraDharitri/drt-go-chain-keys-monitor/mock/loggerStub.go:29.68,30.30 1 0
github.com/TerraDharitri/drt-go-chain-keys-monitor/mock/loggerStub.go:30.30,32.3 1 0
github.com/TerraDharitri/drt-go-chain-keys-monitor/mock/loggerStub.go:36.67,37.29 1 0
github.com/TerraDharitri/drt-go-chain-keys-monitor/mock/loggerStub.go:37.29,39.3 1 0
github.com/TerraDharitri/drt-go-chain-keys-monitor/mock/loggerStub.go:43.67,44.29 1 0
github.com/TerraDharitri/drt-go-chain-keys-monitor/mock/loggerStub.go:44.29,46.3 1 0
github.com/TerraDharitri/drt-go-chain-keys-monitor/mock/loggerStub.go:50.68,51.30 1 0
github.com/TerraDharitri/drt-go-chain-keys-monitor/mock/loggerStub.go:51.30,53.3 1 0
github.com/TerraDharitri/drt-go-chain-keys-monitor/mock/loggerStub.go:57.68,58.35 1 0
github.com/TerraDharitri/drt-go-chain-keys-monitor/mock/loggerStub.go:58.35,60.3 1 0
github.com/TerraDharitri/drt-go-chain-keys-monitor/mock/loggerStub.go:64.92,65.28 1 0
github.com/TerraDharitri/drt-go-chain-keys-monitor/mock/loggerStub.go:65.28,67.3 1 0
github.com/TerraDharitri/drt-go-chain-keys-monitor/mock/loggerStub.go:71.55,72.32 1 0
github.com/TerraDharitri/drt-go-chain-keys-monitor/mock/loggerStub.go:72.32,74.3 1 0
github.com/TerraDharitri/drt-go-chain-keys-monitor/mock/loggerStub.go:78.60,79.33 1 0
github.com/TerraDharitri/drt-go-chain-keys-monitor/mock/loggerStub.go:79.33,81.3 1 0
github.com/TerraDharitri/drt-go-chain-keys-monitor/mock/loggerStub.go:85.52,86.33 1 0
github.com/TerraDharitri/drt-go-chain-keys-monitor/mock/loggerStub.go:86.33,88.3 1 0
github.com/TerraDharitri/drt-go-chain-keys-monitor/mock/loggerStub.go:90.2,90.23 1 0
github.com/TerraDharitri/drt-go-chain-keys-monitor/mock/loggerStub.go:94.47,96.2 1 0
github.com/TerraDharitri/drt-go-chain-keys-monitor/mock/outputNotifierStub.go:14.86,15.39 1 0
github.com/TerraDharitri/drt-go-chain-keys-monitor/mock/outputNotifierStub.go:15.39,17.3 1 0
github.com/TerraDharitri/drt-go-chain-keys-monitor/mock/outputNotifierStub.go:19.2,19.12 1 0
github.com/TerraDharitri/drt-go-chain-keys-monitor/mock/outputNotifierStub.go:23.47,24.29 1 0
github.com/TerraDharitri/drt-go-chain-keys-monitor/mock/outputNotifierStub.go:24.29,26.3 1 0
github.com/TerraDharitri/drt-go-chain-keys-monitor/mock/outputNotifierStub.go:28.2,28.11 1 0
github.com/TerraDharitri/drt-go-chain-keys-monitor/mock/outputNotifierStub.go:32.55,34.2 1 0
github.com/TerraDharitri/drt-go-chain-keys-monitor/mock/outputNotifiersHandlerStub.go:13.110,14.40 1 3
github.com/TerraDharitri/drt-go-chain-keys-monitor/mock/outputNotifiersHandlerStub.go:14.40,16.3 1 0
github.com/TerraDharitri/drt-go-chain-keys-monitor/mock/outputNotifiersHandlerStub.go:18.2,18.12 1 3
github.com/TerraDharitri/drt-go-chain-keys-monitor/mock/outputNotifiersHandlerStub.go:22.63,24.2 1 6
github.com/TerraDharitri/drt-go-chain-keys-monitor/mock/ratingsCheckerStub.go:13.141,14.30 1 0
github.com/TerraDharitri/drt-go-chain-keys-monitor/mock/ratingsCheckerStub.go:14.30,16.3 1 0
github.com/TerraDharitri/drt-go-chain-keys-monitor/mock/ratingsCheckerStub.go:18.2,18.17 1 0
github.com/TerraDharitri/drt-go-chain-keys-monitor/mock/ratingsCheckerStub.go:22.55,24.2 1 0
github.com/TerraDharitri/drt-go-chain-keys-monitor/mock/statusHandlerStub.go:19.49,20.39 1 0
github.com/TerraDharitri/drt-go-chain-keys-monitor/mock/statusHandlerStub.go:20.39,22.3 1 0
github.com/TerraDharitri/drt-go-chain-keys-monitor/mock/statusHandlerStub.go:26.60,27.41 1 1
github.com/TerraDharitri/drt-go-chain-keys-monitor/mock/statusHandlerStub.go:27.41,29.3 1 0
github.com/TerraDharitri/drt-go-chain-keys-monitor/mock/statusHandlerStub.go:33.83,34.44 1 0
github.com/TerraDharitri/drt-go-chain-keys-monitor/mock/statusHandlerStub.go:34.44,36.3 1 0
github.com/TerraDharitri/drt-go-chain-keys-monitor/mock/statusHandlerStub.go:40.51,41.41 1 0
github.com/TerraDharitri/drt-go-chain-keys-monitor/mock/statusHandlerStub.go:41.41,43.3 1 0
github.com/TerraDharitri/drt-go-chain-keys-monitor/mock/statusHandlerStub.go:47.67,48.32 1 0
github.com/TerraDharitri/drt-go-chain-keys-monitor/mock/statusHandlerStub.go:48.32,50.3 1 0
github.com/TerraDharitri/drt-go-chain-keys-monitor/mock/statusHandlerStub.go:52.2,52.12 1 0
github.com/TerraDharitri/drt-go-chain-keys-monitor/mock/statusHandlerStub.go:56.54,58.2 1 2
github.com/TerraDharitri/drt-go-chain-keys-monitor/mock/validatorStatisticsQuerierStub.go:15.118,16.30 1 0
github.com/TerraDharitri/drt-go-chain-keys-monitor/mock/validatorStatisticsQuerierStub.go:16.30,18.3 1 0
github.com/TerraDharitri/drt-go-chain-keys-monitor/mock/validatorStatisticsQuerierStub.go:20.2,20.17 1 0
github.com/TerraDharitri/drt-go-chain-keys-monitor/mock/validatorStatisticsQuerierStub.go:24.67,26.2 1 0
github.com/TerraDharitri/drt-go-chain-keys-monitor/parsers/listParser.go:21.34,23.2 1 7
github.com/TerraDharitri/drt-go-chain-keys-monitor/parsers/listParser.go:26.86,28.16 2 6
github.com/TerraDharitri/drt-go-chain-keys-monitor/parsers/listParser.go:28.16,30.3 1 1
github.com/TerraDharitri/drt-go-chain-keys-monitor/parsers/listParser.go:32.2,35.37 3 5
github.com/TerraDharitri/drt-go-chain-keys-monitor/parsers/listParser.go:35.37,38.21 3 26
github.com/TerraDharitri/drt-go-chain-keys-monitor/parsers/listParser.go:38.21,39.12 1 11
github.com/TerraDharitri/drt-go-chain-keys-monitor/parsers/listParser.go:41.3,41.46 1 15
github.com/TerraDharitri/drt-go-chain-keys-monitor/parsers/listParser.go:41.46,42.12 1 4
github.com/TerraDharitri/drt-go-chain-keys-monitor/parsers/listParser.go:44.3,45.17 2 11
github.com/TerraDharitri/drt-go-chain-keys-monitor/parsers/listParser.go:45.17,47.4 1 3
github.com/TerraDharitri/drt-go-chain-keys-monitor/parsers/listParser.go:50.2,50.20 1 2
github.com/TerraDharitri/drt-go-chain-keys-monitor/parsers/listParser.go:53.99,54.68 1 11
github.com/TerraDharitri/drt-go-chain-keys-monitor/parsers/listParser.go:54.68,56.3 1 3
github.com/TerraDharitri/drt-go-chain-keys-monitor/parsers/listParser.go:58.2,58.36 1 11
github.com/TerraDharitri/drt-go-chain-keys-monitor/parsers/listParser.go:58.36,61.17 2 3
github.com/TerraDharitri/drt-go-chain-keys-monitor/parsers/listParser.go:61.17,63.4 1 1
github.com/TerraDharitri/drt-go-chain-keys-monitor/parsers/listParser.go:65.3,67.13 2 2
github.com/TerraDharitri/drt-go-chain-keys-monitor/parsers/listParser.go:69.2,70.16 2 8
github.com/TerraDharitri/drt-go-chain-keys-monitor/parsers/listParser.go:70.16,72.3 1 2
github.com/TerraDharitri/drt-go-chain-keys-monitor/parsers/listParser.go:74.2,80.12 3 6
github.com/TerraDharitri/drt-go-chain-keys-monitor/parsers/listParser.go:84.49,86.2 1 2
github.com/TerraDharitri/drt-go-chain-keys-monitor/interactors/blsKeysFetcher.go:49.28,50.36 1 10
github.com/TerraDharitri/drt-go-chain-keys-monitor/interactors/blsKeysFetcher.go:50.36,52.3 1 1
github.com/TerraDharitri/drt-go-chain-keys-monitor/interactors/blsKeysFetcher.go:54.2,58.8 1 9
github.com/TerraDharitri/drt-go-chain-keys-monitor/interactors/blsKeysFetcher.go:62.100,68.44 4 8
github.com/TerraDharitri/drt-go-chain-keys-monitor/interactors/blsKeysFetcher.go:68.44,69.28 1 9
github.com/TerraDharitri/drt-go-chain-keys-monitor/interactors/blsKeysFetcher.go:69.28,70.12 1 1
github.com/TerraDharitri/drt-go-chain-keys-monitor/interactors/blsKeysFetcher.go:73.3,74.17 2 8
github.com/TerraDharitri/drt-go-chain-keys-monitor/interactors/blsKeysFetcher.go:74.17,76.4 1 3
github.com/TerraDharitri/drt-go-chain-keys-monitor/interactors/blsKeysFetcher.go:78.3,79.10 2 5
github.com/TerraDharitri/drt-go-chain-keys-monitor/interactors/blsKeysFetcher.go:80.18,80.18 0 4
github.com/TerraDharitri/drt-go-chain-keys-monitor/interactors/blsKeysFetcher.go:81.21,82.33 1 1
github.com/TerraDharitri/drt-go-chain-keys-monitor/interactors/blsKeysFetcher.go:85.3,85.46 1 4
github.com/TerraDharitri/drt-go-chain-keys-monitor/interactors/blsKeysFetcher.go:88.2,88.24 1 4
github.com/TerraDharitri/drt-go-chain-keys-monitor/interactors/blsKeysFetcher.go:91.119,101.16 4 8
github.com/TerraDharitri/drt-go-chain-keys-monitor/interactors/blsKeysFetcher.go:101.16,103.3 1 0
github.com/TerraDharitri/drt-go-chain-keys-monitor/interactors/blsKeysFetcher.go:105.2,106.16 2 8
github.com/TerraDharitri/drt-go-chain-keys-monitor/interactors/blsKeysFetcher.go:106.16,108.3 1 1
github.com/TerraDharitri/drt-go-chain-keys-monitor/interactors/blsKeysFetcher.go:109.2,109.47 1 7
github.com/TerraDharitri/drt-go-chain-keys-monitor/interactors/blsKeysFetcher.go:109.47,111.3 1 1
github.com/TerraDharitri/drt-go-chain-keys-monitor/interactors/blsKeysFetcher.go:112.2,114.16 3 6
github.com/TerraDharitri/drt-go-chain-keys-monitor/interactors/blsKeysFetcher.go:114.16,116.3 1 1
github.com/TerraDharitri/drt-go-chain-keys-monitor/interactors/blsKeysFetcher.go:118.2,119.63 2 5
github.com/TerraDharitri/drt-go-chain-keys-monitor/interactors/blsKeysFetcher.go:119.63,122.36 3 11
github.com/TerraDharitri/drt-go-chain-keys-monitor/interactors/blsKeysFetcher.go:122.36,124.12 2 1
github.com/TerraDharitri/drt-go-chain-keys-monitor/interactors/blsKeysFetcher.go:126.3,126.37 1 10
github.com/TerraDharitri/drt-go-chain-keys-monitor/interactors/blsKeysFetcher.go:126.37,127.12 1 2
github.com/TerraDharitri/drt-go-chain-keys-monitor/interactors/blsKeysFetcher.go:130.3,130.50 1 8
github.com/TerraDharitri/drt-go-chain-keys-monitor/interactors/blsKeysFetcher.go:133.2,135.18 2 5
github.com/TerraDharitri/drt-go-chain-keys-monitor/interactors/blsKeysFetcher.go:139.54,141.2 1 2
github.com/TerraDharitri/drt-go-chain-keys-monitor/interactors/validatorStatistics.go:23.116,24.36 1 7
github.com/TerraDharitri/drt-go-chain-keys-monitor/interactors/validatorStatistics.go:24.36,26.3 1 1
github.com/TerraDharitri/drt-go-chain-keys-monitor/interactors/validatorStatistics.go:28.2,30.8 1 6
github.com/TerraDharitri/drt-go-chain-keys-monitor/interactors/validatorStatistics.go:34.123,37.16 3 5
github.com/TerraDharitri/drt-go-chain-keys-monitor/interactors/validatorStatistics.go:37.16,39.3 1 1
github.com/TerraDharitri/drt-go-chain-keys-monitor/interactors/validatorStatistics.go:40.2,40.47 1 4
github.com/TerraDharitri/drt-go-chain-keys-monitor/interactors/validatorStatistics.go:40.47,42.3 1 1
github.com/TerraDharitri/drt-go-chain-keys-monitor/interactors/validatorStatistics.go:44.2,46.16 3 3
github.com/TerraDharitri/drt-go-chain-keys-monitor/interactors/validatorStatistics.go:46.16,48.3 1 1
github.com/TerraDharitri/drt-go-chain-keys-monitor/interactors/validatorStatistics.go:50.2,51.26 2 2
github.com/TerraDharitri/drt-go-chain-keys-monitor/interactors/validatorStatistics.go:51.26,53.3 1 1
github.com/TerraDharitri/drt-go-chain-keys-monitor/interactors/validatorStatistics.go:55.2,55.27 1 1
github.com/TerraDharitri/drt-go-chain-keys-monitor/interactors/validatorStatistics.go:59.72,61.2 1 2
github.com/TerraDharitri/drt-go-chain-keys-monitor/mock/blsKeysFetcherStub.go:11.101,12.38 1 0
github.com/TerraDharitri/drt-go-chain-keys-monitor/mock/blsKeysFetcherStub.go:12.38,14.3 1 0
github.com/TerraDharitri/drt-go-chain-keys-monitor/mock/blsKeysFetcherStub.go:16.2,16.31 1 0
github.com/TerraDharitri/drt-go-chain-keys-monitor/mock/blsKeysFetcherStub.go:20.55,22.2 1 0
github.com/TerraDharitri/drt-go-chain-keys-monitor/mock/blsKeysFilterStub.go:9.65,10.36 1 0
github.com/TerraDharitri/drt-go-chain-keys-monitor/mock/blsKeysFilterStub.go:10.36,12.3 1 0
github.com/TerraDharitri/drt-go-chain-keys-monitor/mock/blsKeysFilterStub.go:14.2,14.13 1 0
github.com/TerraDharitri/drt-go-chain-keys-monitor/mock/blsKeysFilterStub.go:18.54,20.2 1 0
github.com/TerraDharitri/drt-go-chain-keys-monitor/mock/executorStub.go:11.62,12.32 1 0
github.com/TerraDharitri/drt-go-chain-keys-monitor/mock/executorStub.go:12.32,14.3 1 0
github.com/TerraDharitri/drt-go-chain-keys-monitor/mock/executorStub.go:16.2,16.12 1 0
github.com/TerraDharitri/drt-go-chain-keys-monitor/mock/executorStub.go:20.49,22.2 1 0
github.com/TerraDharitri/drt-go-chain-keys-monitor/mock/httpClientWrapperStub.go:15.103,16.32 1 5
github.com/TerraDharitri/drt-go-chain-keys-monitor/mock/httpClientWrapperStub.go:16.32,18.3 1 5
github.com/TerraDharitri/drt-go-chain-keys-monitor/mock/httpClientWrapperStub.go:20.2,20.46 1 0
github.com/TerraDharitri/drt-go-chain-keys-monitor/mock/httpClientWrapperStub.go:24.117,25.33 1 8
github.com/TerraDharitri/drt-go-chain-keys-monitor/mock/httpClientWrapperStub.go:25.33,27.3 1 8
github.com/TerraDharitri/drt-go-chain-keys-monitor/mock/httpClientWrapperStub.go:29.2,29.46 1 0
github.com/TerraDharitri/drt-go-chain-keys-monitor/mock/httpClientWrapperStub.go:33.58,35.2 1 15
github.com/TerraDharitri/drt-go-chain-keys-monitor/mock/loggerStub.go:22.68,23.30 1 0
github.com/TerraDharitri/drt-go-chain-keys-monitor/mock/loggerStub.go:23.30,25.3 1 0
github.com/TerraDharitri/drt-go-chain-keys-monitor/mock/loggerStub.go:29.68,30.30 1 0
github.com/TerraDharitri/drt-go-chain-keys-monitor/mock/loggerStub.go:30.30,32.3 1 0
github.com/TerraDharitri/drt-go-chain-keys-monitor/mock/loggerStub.go:36.67,37.29 1 0
github.com/TerraDharitri/drt-go-chain-keys-monitor/mock/loggerStub.go:37.29,39.3 1 0
github.com/TerraDharitri/drt-go-chain-keys-monitor/mock/loggerStub.go:43.67,44.29 1 0
github.com/TerraDharitri/drt-go-chain-keys-monitor/mock/loggerStub.go:44.29,46.3 1 0
github.com/TerraDharitri/drt-go-chain-keys-monitor/mock/loggerStub.go:50.68,51.30 1 0
github.com/TerraDharitri/drt-go-chain-keys-monitor/mock/loggerStub.go:51.30,53.3 1 0
github.com/TerraDharitri/drt-go-chain-keys-monitor/mock/loggerStub.go:57.68,58.35 1 0
github.com/TerraDharitri/drt-go-chain-keys-monitor/mock/loggerStub.go:58.35,60.3 1 0
github.com/TerraDharitri/drt-go-chain-keys-monitor/mock/loggerStub.go:64.92,65.28 1 0
github.com/TerraDharitri/drt-go-chain-keys-monitor/mock/loggerStub.go:65.28,67.3 1 0
github.com/TerraDharitri/drt-go-chain-keys-monitor/mock/loggerStub.go:71.55,72.32 1 0
github.com/TerraDharitri/drt-go-chain-keys-monitor/mock/loggerStub.go:72.32,74.3 1 0
github.com/TerraDharitri/drt-go-chain-keys-monitor/mock/loggerStub.go:78.60,79.33 1 0
github.com/TerraDharitri/drt-go-chain-keys-monitor/mock/loggerStub.go:79.33,81.3 1 0
github.com/TerraDharitri/drt-go-chain-keys-monitor/mock/loggerStub.go:85.52,86.33 1 0
github.com/TerraDharitri/drt-go-chain-keys-monitor/mock/loggerStub.go:86.33,88.3 1 0
github.com/TerraDharitri/drt-go-chain-keys-monitor/mock/loggerStub.go:90.2,90.23 1 0
github.com/TerraDharitri/drt-go-chain-keys-monitor/mock/loggerStub.go:94.47,96.2 1 0
github.com/TerraDharitri/drt-go-chain-keys-monitor/mock/outputNotifierStub.go:14.86,15.39 1 0
github.com/TerraDharitri/drt-go-chain-keys-monitor/mock/outputNotifierStub.go:15.39,17.3 1 0
github.com/TerraDharitri/drt-go-chain-keys-monitor/mock/outputNotifierStub.go:19.2,19.12 1 0
github.com/TerraDharitri/drt-go-chain-keys-monitor/mock/outputNotifierStub.go:23.47,24.29 1 0
github.com/TerraDharitri/drt-go-chain-keys-monitor/mock/outputNotifierStub.go:24.29,26.3 1 0
github.com/TerraDharitri/drt-go-chain-keys-monitor/mock/outputNotifierStub.go:28.2,28.11 1 0
github.com/TerraDharitri/drt-go-chain-keys-monitor/mock/outputNotifierStub.go:32.55,34.2 1 0
github.com/TerraDharitri/drt-go-chain-keys-monitor/mock/outputNotifiersHandlerStub.go:13.110,14.40 1 0
github.com/TerraDharitri/drt-go-chain-keys-monitor/mock/outputNotifiersHandlerStub.go:14.40,16.3 1 0
github.com/TerraDharitri/drt-go-chain-keys-monitor/mock/outputNotifiersHandlerStub.go:18.2,18.12 1 0
github.com/TerraDharitri/drt-go-chain-keys-monitor/mock/outputNotifiersHandlerStub.go:22.63,24.2 1 0
github.com/TerraDharitri/drt-go-chain-keys-monitor/mock/ratingsCheckerStub.go:13.141,14.30 1 0
github.com/TerraDharitri/drt-go-chain-keys-monitor/mock/ratingsCheckerStub.go:14.30,16.3 1 0
github.com/TerraDharitri/drt-go-chain-keys-monitor/mock/ratingsCheckerStub.go:18.2,18.17 1 0
github.com/TerraDharitri/drt-go-chain-keys-monitor/mock/ratingsCheckerStub.go:22.55,24.2 1 0
github.com/TerraDharitri/drt-go-chain-keys-monitor/mock/statusHandlerStub.go:19.49,20.39 1 0
github.com/TerraDharitri/drt-go-chain-keys-monitor/mock/statusHandlerStub.go:20.39,22.3 1 0
github.com/TerraDharitri/drt-go-chain-keys-monitor/mock/statusHandlerStub.go:26.60,27.41 1 0
github.com/TerraDharitri/drt-go-chain-keys-monitor/mock/statusHandlerStub.go:27.41,29.3 1 0
github.com/TerraDharitri/drt-go-chain-keys-monitor/mock/statusHandlerStub.go:33.83,34.44 1 0
github.com/TerraDharitri/drt-go-chain-keys-monitor/mock/statusHandlerStub.go:34.44,36.3 1 0
github.com/TerraDharitri/drt-go-chain-keys-monitor/mock/statusHandlerStub.go:40.51,41.41 1 0
github.com/TerraDharitri/drt-go-chain-keys-monitor/mock/statusHandlerStub.go:41.41,43.3 1 0
github.com/TerraDharitri/drt-go-chain-keys-monitor/mock/statusHandlerStub.go:47.67,48.32 1 0
github.com/TerraDharitri/drt-go-chain-keys-monitor/mock/statusHandlerStub.go:48.32,50.3 1 0
github.com/TerraDharitri/drt-go-chain-keys-monitor/mock/statusHandlerStub.go:52.2,52.12 1 0
github.com/TerraDharitri/drt-go-chain-keys-monitor/mock/statusHandlerStub.go:56.54,58.2 1 0
github.com/TerraDharitri/drt-go-chain-keys-monitor/mock/validatorStatisticsQuerierStub.go:15.118,16.30 1 0
github.com/TerraDharitri/drt-go-chain-keys-monitor/mock/validatorStatisticsQuerierStub.go:16.30,18.3 1 0
github.com/TerraDharitri/drt-go-chain-keys-monitor/mock/validatorStatisticsQuerierStub.go:20.2,20.17 1 0
github.com/TerraDharitri/drt-go-chain-keys-monitor/mock/validatorStatisticsQuerierStub.go:24.67,26.2 1 0
github.com/TerraDharitri/drt-go-chain-keys-monitor/mock/blsKeysFetcherStub.go:11.101,12.38 1 0
github.com/TerraDharitri/drt-go-chain-keys-monitor/mock/blsKeysFetcherStub.go:12.38,14.3 1 0
github.com/TerraDharitri/drt-go-chain-keys-monitor/mock/blsKeysFetcherStub.go:16.2,16.31 1 0
github.com/TerraDharitri/drt-go-chain-keys-monitor/mock/blsKeysFetcherStub.go:20.55,22.2 1 0
github.com/TerraDharitri/drt-go-chain-keys-monitor/mock/blsKeysFilterStub.go:9.65,10.36 1 0
github.com/TerraDharitri/drt-go-chain-keys-monitor/mock/blsKeysFilterStub.go:10.36,12.3 1 0
github.com/TerraDharitri/drt-go-chain-keys-monitor/mock/blsKeysFilterStub.go:14.2,14.13 1 0
github.com/TerraDharitri/drt-go-chain-keys-monitor/mock/blsKeysFilterStub.go:18.54,20.2 1 0
github.com/TerraDharitri/drt-go-chain-keys-monitor/mock/executorStub.go:11.62,12.32 1 0
github.com/TerraDharitri/drt-go-chain-keys-monitor/mock/executorStub.go:12.32,14.3 1 0
github.com/TerraDharitri/drt-go-chain-keys-monitor/mock/executorStub.go:16.2,16.12 1 0
github.com/TerraDharitri/drt-go-chain-keys-monitor/mock/executorStub.go:20.49,22.2 1 0
github.com/TerraDharitri/drt-go-chain-keys-monitor/mock/httpClientWrapperStub.go:15.103,16.32 1 0
github.com/TerraDharitri/drt-go-chain-keys-monitor/mock/httpClientWrapperStub.go:16.32,18.3 1 0
github.com/TerraDharitri/drt-go-chain-keys-monitor/mock/httpClientWrapperStub.go:20.2,20.46 1 0
github.com/TerraDharitri/drt-go-chain-keys-monitor/mock/httpClientWrapperStub.go:24.117,25.33 1 0
github.com/TerraDharitri/drt-go-chain-keys-monitor/mock/httpClientWrapperStub.go:25.33,27.3 1 0
github.com/TerraDharitri/drt-go-chain-keys-monitor/mock/httpClientWrapperStub.go:29.2,29.46 1 0
github.com/TerraDharitri/drt-go-chain-keys-monitor/mock/httpClientWrapperStub.go:33.58,35.2 1 0
github.com/TerraDharitri/drt-go-chain-keys-monitor/mock/loggerStub.go:22.68,23.30 1 0
github.com/TerraDharitri/drt-go-chain-keys-monitor/mock/loggerStub.go:23.30,25.3 1 0
github.com/TerraDharitri/drt-go-chain-keys-monitor/mock/loggerStub.go:29.68,30.30 1 0
github.com/TerraDharitri/drt-go-chain-keys-monitor/mock/loggerStub.go:30.30,32.3 1 0
github.com/TerraDharitri/drt-go-chain-keys-monitor/mock/loggerStub.go:36.67,37.29 1 0
github.com/TerraDharitri/drt-go-chain-keys-monitor/mock/loggerStub.go:37.29,39.3 1 0
github.com/TerraDharitri/drt-go-chain-keys-monitor/mock/loggerStub.go:43.67,44.29 1 0
github.com/TerraDharitri/drt-go-chain-keys-monitor/mock/loggerStub.go:44.29,46.3 1 0
github.com/TerraDharitri/drt-go-chain-keys-monitor/mock/loggerStub.go:50.68,51.30 1 0
github.com/TerraDharitri/drt-go-chain-keys-monitor/mock/loggerStub.go:51.30,53.3 1 0
github.com/TerraDharitri/drt-go-chain-keys-monitor/mock/loggerStub.go:57.68,58.35 1 0
github.com/TerraDharitri/drt-go-chain-keys-monitor/mock/loggerStub.go:58.35,60.3 1 0
github.com/TerraDharitri/drt-go-chain-keys-monitor/mock/loggerStub.go:64.92,65.28 1 3
github.com/TerraDharitri/drt-go-chain-keys-monitor/mock/loggerStub.go:65.28,67.3 1 3
github.com/TerraDharitri/drt-go-chain-keys-monitor/mock/loggerStub.go:71.55,72.32 1 0
github.com/TerraDharitri/drt-go-chain-keys-monitor/mock/loggerStub.go:72.32,74.3 1 0
github.com/TerraDharitri/drt-go-chain-keys-monitor/mock/loggerStub.go:78.60,79.33 1 0
github.com/TerraDharitri/drt-go-chain-keys-monitor/mock/loggerStub.go:79.33,81.3 1 0
github.com/TerraDharitri/drt-go-chain-keys-monitor/mock/loggerStub.go:85.52,86.33 1 0
github.com/TerraDharitri/drt-go-chain-keys-monitor/mock/loggerStub.go:86.33,88.3 1 0
github.com/TerraDharitri/drt-go-chain-keys-monitor/mock/loggerStub.go:90.2,90.23 1 0
github.com/TerraDharitri/drt-go-chain-keys-monitor/mock/loggerStub.go:94.47,96.2 1 3
github.com/TerraDharitri/drt-go-chain-keys-monitor/mock/outputNotifierStub.go:14.86,15.39 1 0
github.com/TerraDharitri/drt-go-chain-keys-monitor/mock/outputNotifierStub.go:15.39,17.3 1 0
github.com/TerraDharitri/drt-go-chain-keys-monitor/mock/outputNotifierStub.go:19.2,19.12 1 0
github.com/TerraDharitri/drt-go-chain-keys-monitor/mock/outputNotifierStub.go:23.47,24.29 1 0
github.com/TerraDharitri/drt-go-chain-keys-monitor/mock/outputNotifierStub.go:24.29,26.3 1 0
github.com/TerraDharitri/drt-go-chain-keys-monitor/mock/outputNotifierStub.go:28.2,28.11 1 0
github.com/TerraDharitri/drt-go-chain-keys-monitor/mock/outputNotifierStub.go:32.55,34.2 1 0
github.com/TerraDharitri/drt-go-chain-keys-monitor/mock/outputNotifiersHandlerStub.go:13.110,14.40 1 0
github.com/TerraDharitri/drt-go-chain-keys-monitor/mock/outputNotifiersHandlerStub.go:14.40,16.3 1 0
github.com/TerraDharitri/drt-go-chain-keys-monitor/mock/outputNotifiersHandlerStub.go:18.2,18.12 1 0
github.com/TerraDharitri/drt-go-chain-keys-monitor/mock/outputNotifiersHandlerStub.go:22.63,24.2 1 0
github.com/TerraDharitri/drt-go-chain-keys-monitor/mock/ratingsCheckerStub.go:13.141,14.30 1 0
github.com/TerraDharitri/drt-go-chain-keys-monitor/mock/ratingsCheckerStub.go:14.30,16.3 1 0
github.com/TerraDharitri/drt-go-chain-keys-monitor/mock/ratingsCheckerStub.go:18.2,18.17 1 0
github.com/TerraDharitri/drt-go-chain-keys-monitor/mock/ratingsCheckerStub.go:22.55,24.2 1 0
github.com/TerraDharitri/drt-go-chain-keys-monitor/mock/statusHandlerStub.go:19.49,20.39 1 0
github.com/TerraDharitri/drt-go-chain-keys-monitor/mock/statusHandlerStub.go:20.39,22.3 1 0
github.com/TerraDharitri/drt-go-chain-keys-monitor/mock/statusHandlerStub.go:26.60,27.41 1 0
github.com/TerraDharitri/drt-go-chain-keys-monitor/mock/statusHandlerStub.go:27.41,29.3 1 0
github.com/TerraDharitri/drt-go-chain-keys-monitor/mock/statusHandlerStub.go:33.83,34.44 1 0
github.com/TerraDharitri/drt-go-chain-keys-monitor/mock/statusHandlerStub.go:34.44,36.3 1 0
github.com/TerraDharitri/drt-go-chain-keys-monitor/mock/statusHandlerStub.go:40.51,41.41 1 0
github.com/TerraDharitri/drt-go-chain-keys-monitor/mock/statusHandlerStub.go:41.41,43.3 1 0
github.com/TerraDharitri/drt-go-chain-keys-monitor/mock/statusHandlerStub.go:47.67,48.32 1 0
github.com/TerraDharitri/drt-go-chain-keys-monitor/mock/statusHandlerStub.go:48.32,50.3 1 0
github.com/TerraDharitri/drt-go-chain-keys-monitor/mock/statusHandlerStub.go:52.2,52.12 1 0
github.com/TerraDharitri/drt-go-chain-keys-monitor/mock/statusHandlerStub.go:56.54,58.2 1 0
github.com/TerraDharitri/drt-go-chain-keys-monitor/mock/validatorStatisticsQuerierStub.go:15.118,16.30 1 0
github.com/TerraDharitri/drt-go-chain-keys-monitor/mock/validatorStatisticsQuerierStub.go:16.30,18.3 1 0
github.com/TerraDharitri/drt-go-chain-keys-monitor/mock/validatorStatisticsQuerierStub.go:20.2,20.17 1 0
github.com/TerraDharitri/drt-go-chain-keys-monitor/mock/validatorStatisticsQuerierStub.go:24.67,26.2 1 0
github.com/TerraDharitri/drt-go-chain-keys-monitor/notifiers/logNotifier.go:17.62,18.22 1 4
github.com/TerraDharitri/drt-go-chain-keys-monitor/notifiers/logNotifier.go:18.22,20.3 1 1
github.com/TerraDharitri/drt-go-chain-keys-monitor/notifiers/logNotifier.go:22.2,24.8 1 3
github.com/TerraDharitri/drt-go-chain-keys-monitor/notifiers/logNotifier.go:28.83,29.31 1 1
github.com/TerraDharitri/drt-go-chain-keys-monitor/notifiers/logNotifier.go:29.31,31.3 1 3
github.com/TerraDharitri/drt-go-chain-keys-monitor/notifiers/logNotifier.go:33.2,33.12 1 1
github.com/TerraDharitri/drt-go-chain-keys-monitor/notifiers/logNotifier.go:36.65,40.22 3 3
github.com/TerraDharitri/drt-go-chain-keys-monitor/notifiers/logNotifier.go:41.35,42.29 1 1
github.com/TerraDharitri/drt-go-chain-keys-monitor/notifiers/logNotifier.go:43.37,44.31 1 1
github.com/TerraDharitri/drt-go-chain-keys-monitor/notifiers/logNotifier.go:47.2,47.33 1 3
github.com/TerraDharitri/drt-go-chain-keys-monitor/notifiers/logNotifier.go:50.56,52.37 2 3
github.com/TerraDharitri/drt-go-chain-keys-monitor/notifiers/logNotifier.go:52.37,55.3 2 3
github.com/TerraDharitri/drt-go-chain-keys-monitor/notifiers/logNotifier.go:56.2,56.33 1 3
github.com/TerraDharitri/drt-go-chain-keys-monitor/notifiers/logNotifier.go:56.33,59.3 2 3
github.com/TerraDharitri/drt-go-chain-keys-monitor/notifiers/logNotifier.go:60.2,60.41 1 3
github.com/TerraDharitri/drt-go-chain-keys-monitor/notifiers/logNotifier.go:60.41,64.3 3 3
github.com/TerraDharitri/drt-go-chain-keys-monitor/notifiers/logNotifier.go:65.2,67.31 2 3
github.com/TerraDharitri/drt-go-chain-keys-monitor/notifiers/logNotifier.go:71.44,73.2 1 1
github.com/TerraDharitri/drt-go-chain-keys-monitor/notifiers/logNotifier.go:76.52,78.2 1 2
github.com/TerraDharitri/drt-go-chain-keys-monitor/notifiers/pushoverNotifier.go:42.86,48.2 1 10
github.com/TerraDharitri/drt-go-chain-keys-monitor/notifiers/pushoverNotifier.go:51.88,53.24 2 8
github.com/TerraDharitri/drt-go-chain-keys-monitor/notifiers/pushoverNotifier.go:53.24,55.3 1 1
github.com/TerraDharitri/drt-go-chain-keys-monitor/notifiers/pushoverNotifier.go:57.2,59.31 3 7
github.com/TerraDharitri/drt-go-chain-keys-monitor/notifiers/pushoverNotifier.go:59.31,60.42 1 15
github.com/TerraDharitri/drt-go-chain-keys-monitor/notifiers/pushoverNotifier.go:60.42,62.4 1 7
github.com/TerraDharitri/drt-go-chain-keys-monitor/notifiers/pushoverNotifier.go:64.3,64.78 1 15
github.com/TerraDharitri/drt-go-chain-keys-monitor/notifiers/pushoverNotifier.go:67.2,70.16 3 7
github.com/TerraDharitri/drt-go-chain-keys-monitor/notifiers/pushoverNotifier.go:70.16,72.3 1 3
github.com/TerraDharitri/drt-go-chain-keys-monitor/notifiers/pushoverNotifier.go:74.2,74.12 1 4
github.com/TerraDharitri/drt-go-chain-keys-monitor/notifiers/pushoverNotifier.go:81.10,85.38 3 56
github.com/TerraDharitri/drt-go-chain-keys-monitor/notifiers/pushoverNotifier.go:85.38,88.3 1 32
github.com/TerraDharitri/drt-go-chain-keys-monitor/notifiers/pushoverNotifier.go:90.2,91.70 1 24
github.com/TerraDharitri/drt-go-chain-keys-monitor/notifiers/pushoverNotifier.go:94.55,95.22 1 56
github.com/TerraDharitri/drt-go-chain-keys-monitor/notifiers/pushoverNotifier.go:96.34,97.15 1 32
github.com/TerraDharitri/drt-go-chain-keys-monitor/notifiers/pushoverNotifier.go:98.35,99.16 1 4
github.com/TerraDharitri/drt-go-chain-keys-monitor/notifiers/pushoverNotifier.go:100.37,101.18 1 8
github.com/TerraDharitri/drt-go-chain-keys-monitor/notifiers/pushoverNotifier.go:102.10,103.12 1 12
github.com/TerraDharitri/drt-go-chain-keys-monitor/notifiers/pushoverNotifier.go:107.87,108.30 1 24
github.com/TerraDharitri/drt-go-chain-keys-monitor/notifiers/pushoverNotifier.go:109.34,110.36 1 12
github.com/TerraDharitri/drt-go-chain-keys-monitor/notifiers/pushoverNotifier.go:111.35,112.49 1 4
github.com/TerraDharitri/drt-go-chain-keys-monitor/notifiers/pushoverNotifier.go:113.37,114.51 1 4
github.com/TerraDharitri/drt-go-chain-keys-monitor/notifiers/pushoverNotifier.go:115.10,116.18 1 4
github.com/TerraDharitri/drt-go-chain-keys-monitor/notifiers/pushoverNotifier.go:124.10,125.33 1 56
github.com/TerraDharitri/drt-go-chain-keys-monitor/notifiers/pushoverNotifier.go:125.33,126.36 1 32
github.com/TerraDharitri/drt-go-chain-keys-monitor/notifiers/pushoverNotifier.go:126.36,128.4 1 16
github.com/TerraDharitri/drt-go-chain-keys-monitor/notifiers/pushoverNotifier.go:130.3,130.54 1 16
github.com/TerraDharitri/drt-go-chain-keys-monitor/notifiers/pushoverNotifier.go:133.2,133.72 1 24
github.com/TerraDharitri/drt-go-chain-keys-monitor/notifiers/pushoverNotifier.go:136.90,146.16 3 7
github.com/TerraDharitri/drt-go-chain-keys-monitor/notifiers/pushoverNotifier.go:146.16,148.3 1 0
github.com/TerraDharitri/drt-go-chain-keys-monitor/notifiers/pushoverNotifier.go:150.2,154.16 4 7
github.com/TerraDharitri/drt-go-chain-keys-monitor/notifiers/pushoverNotifier.go:154.16,156.3 1 1
github.com/TerraDharitri/drt-go-chain-keys-monitor/notifiers/pushoverNotifier.go:157.2,157.47 1 6
github.com/TerraDharitri/drt-go-chain-keys-monitor/notifiers/pushoverNotifier.go:157.47,159.3 1 1
github.com/TerraDharitri/drt-go-chain-keys-monitor/notifiers/pushoverNotifier.go:161.2,163.16 3 5
github.com/TerraDharitri/drt-go-chain-keys-monitor/notifiers/pushoverNotifier.go:163.16,165.3 1 1
github.com/TerraDharitri/drt-go-chain-keys-monitor/notifiers/pushoverNotifier.go:167.2,170.12 2 4
github.com/TerraDharitri/drt-go-chain-keys-monitor/notifiers/pushoverNotifier.go:174.49,176.2 1 1
github.com/TerraDharitri/drt-go-chain-keys-monitor/notifiers/pushoverNotifier.go:179.57,181.2 1 2
github.com/TerraDharitri/drt-go-chain-keys-monitor/notifiers/slackNotifier.go:27.65,32.2 1 9
github.com/TerraDharitri/drt-go-chain-keys-monitor/notifiers/slackNotifier.go:35.85,37.24 2 7
github.com/TerraDharitri/drt-go-chain-keys-monitor/notifiers/slackNotifier.go:37.24,39.3 1 1
github.com/TerraDharitri/drt-go-chain-keys-monitor/notifiers/slackNotifier.go:41.2,43.31 3 6
github.com/TerraDharitri/drt-go-chain-keys-monitor/notifiers/slackNotifier.go:43.31,44.38 1 14
github.com/TerraDharitri/drt-go-chain-keys-monitor/notifiers/slackNotifier.go:44.38,46.4 1 6
github.com/TerraDharitri/drt-go-chain-keys-monitor/notifiers/slackNotifier.go:48.3,48.80 1 14
github.com/TerraDharitri/drt-go-chain-keys-monitor/notifiers/slackNotifier.go:51.2,54.16 3 6
github.com/TerraDharitri/drt-go-chain-keys-monitor/notifiers/slackNotifier.go:54.16,56.3 1 2
github.com/TerraDharitri/drt-go-chain-keys-monitor/notifiers/slackNotifier.go:58.2,58.12 1 4
github.com/TerraDharitri/drt-go-chain-keys-monitor/notifiers/slackNotifier.go:61.87,69.16 5 6
github.com/TerraDharitri/drt-go-chain-keys-monitor/notifiers/slackNotifier.go:69.16,71.3 1 0
github.com/TerraDharitri/drt-go-chain-keys-monitor/notifiers/slackNotifier.go:73.2,74.16 2 6
github.com/TerraDharitri/drt-go-chain-keys-monitor/notifiers/slackNotifier.go:74.16,76.3 1 1
github.com/TerraDharitri/drt-go-chain-keys-monitor/notifiers/slackNotifier.go:77.2,77.47 1 5
github.com/TerraDharitri/drt-go-chain-keys-monitor/notifiers/slackNotifier.go:77.47,79.3 1 1
github.com/TerraDharitri/drt-go-chain-keys-monitor/notifiers/slackNotifier.go:81.2,84.12 2 4
github.com/TerraDharitri/drt-go-chain-keys-monitor/notifiers/slackNotifier.go:88.46,90.2 1 1
github.com/TerraDharitri/drt-go-chain-keys-monitor/notifiers/slackNotifier.go:93.54,95.2 1 2
github.com/TerraDharitri/drt-go-chain-keys-monitor/notifiers/smtpNotifier.go:44.59,53.2 1 8
github.com/TerraDharitri/drt-go-chain-keys-monitor/notifiers/smtpNotifier.go:56.84,58.24 2 6
github.com/TerraDharitri/drt-go-chain-keys-monitor/notifiers/smtpNotifier.go:58.24,60.3 1 1
github.com/TerraDharitri/drt-go-chain-keys-monitor/notifiers/smtpNotifier.go:62.2,64.31 3 5
github.com/TerraDharitri/drt-go-chain-keys-monitor/notifiers/smtpNotifier.go:64.31,65.38 1 13
github.com/TerraDharitri/drt-go-chain-keys-monitor/notifiers/smtpNotifier.go:65.38,67.4 1 5
github.com/TerraDharitri/drt-go-chain-keys-monitor/notifiers/smtpNotifier.go:69.3,69.94 1 13
github.com/TerraDharitri/drt-go-chain-keys-monitor/notifiers/smtpNotifier.go:72.2,75.16 3 5
github.com/TerraDharitri/drt-go-chain-keys-monitor/notifiers/smtpNotifier.go:75.16,77.3 1 1
github.com/TerraDharitri/drt-go-chain-keys-monitor/notifiers/smtpNotifier.go:79.2,79.12 1 4
github.com/TerraDharitri/drt-go-chain-keys-monitor/notifiers/smtpNotifier.go:82.86,86.16 3 5
github.com/TerraDharitri/drt-go-chain-keys-monitor/notifiers/smtpNotifier.go:86.16,88.3 1 0
github.com/TerraDharitri/drt-go-chain-keys-monitor/notifiers/smtpNotifier.go:90.2,97.16 2 5
github.com/TerraDharitri/drt-go-chain-keys-monitor/notifiers/smtpNotifier.go:97.16,99.3 1 1
github.com/TerraDharitri/drt-go-chain-keys-monitor/notifiers/smtpNotifier.go:101.2,103.12 2 4
github.com/TerraDharitri/drt-go-chain-keys-monitor/notifiers/smtpNotifier.go:106.93,108.2 1 0
github.com/TerraDharitri/drt-go-chain-keys-monitor/notifiers/smtpNotifier.go:110.65,115.16 4 5
github.com/TerraDharitri/drt-go-chain-keys-monitor/notifiers/smtpNotifier.go:115.16,117.3 1 0
github.com/TerraDharitri/drt-go-chain-keys-monitor/notifiers/smtpNotifier.go:118.2,125.16 3 5
github.com/TerraDharitri/drt-go-chain-keys-monitor/notifiers/smtpNotifier.go:125.16,127.3 1 0
github.com/TerraDharitri/drt-go-chain-keys-monitor/notifiers/smtpNotifier.go:129.2,129.26 1 5
github.com/TerraDharitri/drt-go-chain-keys-monitor/notifiers/smtpNotifier.go:133.45,135.2 1 1
github.com/TerraDharitri/drt-go-chain-keys-monitor/notifiers/smtpNotifier.go:138.53,140.2 1 2
github.com/TerraDharitri/drt-go-chain-keys-monitor/notifiers/telegramNotifier.go:19.85,25.2 1 9
github.com/TerraDharitri/drt-go-chain-keys-monitor/notifiers/telegramNotifier.go:28.88,30.24 2 7
github.com/TerraDharitri/drt-go-chain-keys-monitor/notifiers/telegramNotifier.go:30.24,32.3 1 1
github.com/TerraDharitri/drt-go-chain-keys-monitor/notifiers/telegramNotifier.go:34.2,36.31 3 6
github.com/TerraDharitri/drt-go-chain-keys-monitor/notifiers/telegramNotifier.go:36.31,37.38 1 14
github.com/TerraDharitri/drt-go-chain-keys-monitor/notifiers/telegramNotifier.go:37.38,39.4 1 6
github.com/TerraDharitri/drt-go-chain-keys-monitor/notifiers/telegramNotifier.go:41.3,41.78 1 14
github.com/TerraDharitri/drt-go-chain-keys-monitor/notifiers/telegramNotifier.go:44.2,47.16 3 6
github.com/TerraDharitri/drt-go-chain-keys-monitor/notifiers/telegramNotifier.go:47.16,49.3 1 2
github.com/TerraDharitri/drt-go-chain-keys-monitor/notifiers/telegramNotifier.go:51.2,51.12 1 4
github.com/TerraDharitri/drt-go-chain-keys-monitor/notifiers/telegramNotifier.go:54.90,66.16 6 6
github.com/TerraDharitri/drt-go-chain-keys-monitor/notifiers/telegramNotifier.go:66.16,68.3 1 1
github.com/TerraDharitri/drt-go-chain-keys-monitor/notifiers/telegramNotifier.go:69.2,69.47 1 5
github.com/TerraDharitri/drt-go-chain-keys-monitor/notifiers/telegramNotifier.go:69.47,71.3 1 1
github.com/TerraDharitri/drt-go-chain-keys-monitor/notifiers/telegramNotifier.go:73.2,76.12 2 4
github.com/TerraDharitri/drt-go-chain-keys-monitor/notifiers/telegramNotifier.go:80.49,82.2 1 1
github.com/TerraDharitri/drt-go-chain-keys-monitor/notifiers/telegramNotifier.go:85.57,87.2 1 2
github.com/TerraDharitri/drt-go-chain-keys-monitor/mock/blsKeysFetcherStub.go:11.101,12.38 1 0
github.com/TerraDharitri/drt-go-chain-keys-monitor/mock/blsKeysFetcherStub.go:12.38,14.3 1 0
github.com/TerraDharitri/drt-go-chain-keys-monitor/mock/blsKeysFetcherStub.go:16.2,16.31 1 0
github.com/TerraDharitri/drt-go-chain-keys-monitor/mock/blsKeysFetcherStub.go:20.55,22.2 1 0
github.com/TerraDharitri/drt-go-chain-keys-monitor/mock/blsKeysFilterStub.go:9.65,10.36 1 0
github.com/TerraDharitri/drt-go-chain-keys-monitor/mock/blsKeysFilterStub.go:10.36,12.3 1 0
github.com/TerraDharitri/drt-go-chain-keys-monitor/mock/blsKeysFilterStub.go:14.2,14.13 1 0
github.com/TerraDharitri/drt-go-chain-keys-monitor/mock/blsKeysFilterStub.go:18.54,20.2 1 0
github.com/TerraDharitri/drt-go-chain-keys-monitor/mock/executorStub.go:11.62,12.32 1 0
github.com/TerraDharitri/drt-go-chain-keys-monitor/mock/executorStub.go:12.32,14.3 1 0
github.com/TerraDharitri/drt-go-chain-keys-monitor/mock/executorStub.go:16.2,16.12 1 0
github.com/TerraDharitri/drt-go-chain-keys-monitor/mock/executorStub.go:20.49,22.2 1 0
github.com/TerraDharitri/drt-go-chain-keys-monitor/mock/httpClientWrapperStub.go:15.103,16.32 1 0
github.com/TerraDharitri/drt-go-chain-keys-monitor/mock/httpClientWrapperStub.go:16.32,18.3 1 0
github.com/TerraDharitri/drt-go-chain-keys-monitor/mock/httpClientWrapperStub.go:20.2,20.46 1 0
github.com/TerraDharitri/drt-go-chain-keys-monitor/mock/httpClientWrapperStub.go:24.117,25.33 1 0
github.com/TerraDharitri/drt-go-chain-keys-monitor/mock/httpClientWrapperStub.go:25.33,27.3 1 0
github.com/TerraDharitri/drt-go-chain-keys-monitor/mock/httpClientWrapperStub.go:29.2,29.46 1 0
github.com/TerraDharitri/drt-go-chain-keys-monitor/mock/httpClientWrapperStub.go:33.58,35.2 1 0
github.com/TerraDharitri/drt-go-chain-keys-monitor/mock/loggerStub.go:22.68,23.30 1 0
github.com/TerraDharitri/drt-go-chain-keys-monitor/mock/loggerStub.go:23.30,25.3 1 0
github.com/TerraDharitri/drt-go-chain-keys-monitor/mock/loggerStub.go:29.68,30.30 1 0
github.com/TerraDharitri/drt-go-chain-keys-monitor/mock/loggerStub.go:30.30,32.3 1 0
github.com/TerraDharitri/drt-go-chain-keys-monitor/mock/loggerStub.go:36.67,37.29 1 0
github.com/TerraDharitri/drt-go-chain-keys-monitor/mock/loggerStub.go:37.29,39.3 1 0
github.com/TerraDharitri/drt-go-chain-keys-monitor/mock/loggerStub.go:43.67,44.29 1 0
github.com/TerraDharitri/drt-go-chain-keys-monitor/mock/loggerStub.go:44.29,46.3 1 0
github.com/TerraDharitri/drt-go-chain-keys-monitor/mock/loggerStub.go:50.68,51.30 1 0
github.com/TerraDharitri/drt-go-chain-keys-monitor/mock/loggerStub.go:51.30,53.3 1 0
github.com/TerraDharitri/drt-go-chain-keys-monitor/mock/loggerStub.go:57.68,58.35 1 0
github.com/TerraDharitri/drt-go-chain-keys-monitor/mock/loggerStub.go:58.35,60.3 1 0
github.com/TerraDharitri/drt-go-chain-keys-monitor/mock/loggerStub.go:64.92,65.28 1 0
github.com/TerraDharitri/drt-go-chain-keys-monitor/mock/loggerStub.go:65.28,67.3 1 0
github.com/TerraDharitri/drt-go-chain-keys-monitor/mock/loggerStub.go:71.55,72.32 1 0
github.com/TerraDharitri/drt-go-chain-keys-monitor/mock/loggerStub.go:72.32,74.3 1 0
github.com/TerraDharitri/drt-go-chain-keys-monitor/mock/loggerStub.go:78.60,79.33 1 0
github.com/TerraDharitri/drt-go-chain-keys-monitor/mock/loggerStub.go:79.33,81.3 1 0
github.com/TerraDharitri/drt-go-chain-keys-monitor/mock/loggerStub.go:85.52,86.33 1 0
github.com/TerraDharitri/drt-go-chain-keys-monitor/mock/loggerStub.go:86.33,88.3 1 0
github.com/TerraDharitri/drt-go-chain-keys-monitor/mock/loggerStub.go:90.2,90.23 1 0
github.com/TerraDharitri/drt-go-chain-keys-monitor/mock/loggerStub.go:94.47,96.2 1 0
github.com/TerraDharitri/drt-go-chain-keys-monitor/mock/outputNotifierStub.go:14.86,15.39 1 2
github.com/TerraDharitri/drt-go-chain-keys-monitor/mock/outputNotifierStub.go:15.39,17.3 1 2
github.com/TerraDharitri/drt-go-chain-keys-monitor/mock/outputNotifierStub.go:19.2,19.12 1 0
github.com/TerraDharitri/drt-go-chain-keys-monitor/mock/outputNotifierStub.go:23.47,24.29 1 0
github.com/TerraDharitri/drt-go-chain-keys-monitor/mock/outputNotifierStub.go:24.29,26.3 1 0
github.com/TerraDharitri/drt-go-chain-keys-monitor/mock/outputNotifierStub.go:28.2,28.11 1 0
github.com/TerraDharitri/drt-go-chain-keys-monitor/mock/outputNotifierStub.go:32.55,34.2 1 1
github.com/TerraDharitri/drt-go-chain-keys-monitor/mock/outputNotifiersHandlerStub.go:13.110,14.40 1 0
github.com/TerraDharitri/drt-go-chain-keys-monitor/mock/outputNotifiersHandlerStub.go:14.40,16.3 1 0
github.com/TerraDharitri/drt-go-chain-keys-monitor/mock/outputNotifiersHandlerStub.go:18.2,18.12 1 0
github.com/TerraDharitri/drt-go-chain-keys-monitor/mock/outputNotifiersHandlerStub.go:22.63,24.2 1 0
github.com/TerraDharitri/drt-go-chain-keys-monitor/mock/ratingsCheckerStub.go:13.141,14.30 1 0
github.com/TerraDharitri/drt-go-chain-keys-monitor/mock/ratingsCheckerStub.go:14.30,16.3 1 0
github.com/TerraDharitri/drt-go-chain-keys-monitor/mock/ratingsCheckerStub.go:18.2,18.17 1 0
github.com/TerraDharitri/drt-go-chain-keys-monitor/mock/ratingsCheckerStub.go:22.55,24.2 1 0
github.com/TerraDharitri/drt-go-chain-keys-monitor/mock/statusHandlerStub.go:19.49,20.39 1 0
github.com/TerraDharitri/drt-go-chain-keys-monitor/mock/statusHandlerStub.go:20.39,22.3 1 0
github.com/TerraDharitri/drt-go-chain-keys-monitor/mock/statusHandlerStub.go:26.60,27.41 1 0
github.com/TerraDharitri/drt-go-chain-keys-monitor/mock/statusHandlerStub.go:27.41,29.3 1 0
github.com/TerraDharitri/drt-go-chain-keys-monitor/mock/statusHandlerStub.go:33.83,34.44 1 2
github.com/TerraDharitri/drt-go-chain-keys-monitor/mock/statusHandlerStub.go:34.44,36.3 1 0
github.com/TerraDharitri/drt-go-chain-keys-monitor/mock/statusHandlerStub.go:40.51,41.41 1 0
github.com/TerraDharitri/drt-go-chain-keys-monitor/mock/statusHandlerStub.go:41.41,43.3 1 0
github.com/TerraDharitri/drt-go-chain-keys-monitor/mock/statusHandlerStub.go:47.67,48.32 1 0
github.com/TerraDharitri/drt-go-chain-keys-monitor/mock/statusHandlerStub.go:48.32,50.3 1 0
github.com/TerraDharitri/drt-go-chain-keys-monitor/mock/statusHandlerStub.go:52.2,52.12 1 0
github.com/TerraDharitri/drt-go-chain-keys-monitor/mock/statusHandlerStub.go:56.54,58.2 1 1
github.com/TerraDharitri/drt-go-chain-keys-monitor/mock/validatorStatisticsQuerierStub.go:15.118,16.30 1 0
github.com/TerraDharitri/drt-go-chain-keys-monitor/mock/validatorStatisticsQuerierStub.go:16.30,18.3 1 0
github.com/TerraDharitri/drt-go-chain-keys-monitor/mock/validatorStatisticsQuerierStub.go:20.2,20.17 1 0
github.com/TerraDharitri/drt-go-chain-keys-monitor/mock/validatorStatisticsQuerierStub.go:24.67,26.2 1 0
github.com/TerraDharitri/drt-go-chain-keys-monitor/mock/blsKeysFetcherStub.go:11.101,12.38 1 0
github.com/TerraDharitri/drt-go-chain-keys-monitor/mock/blsKeysFetcherStub.go:12.38,14.3 1 0
github.com/TerraDharitri/drt-go-chain-keys-monitor/mock/blsKeysFetcherStub.go:16.2,16.31 1 0
github.com/TerraDharitri/drt-go-chain-keys-monitor/mock/blsKeysFetcherStub.go:20.55,22.2 1 0
github.com/TerraDharitri/drt-go-chain-keys-monitor/mock/blsKeysFilterStub.go:9.65,10.36 1 0
github.com/TerraDharitri/drt-go-chain-keys-monitor/mock/blsKeysFilterStub.go:10.36,12.3 1 0
github.com/TerraDharitri/drt-go-chain-keys-monitor/mock/blsKeysFilterStub.go:14.2,14.13 1 0
github.com/TerraDharitri/drt-go-chain-keys-monitor/mock/blsKeysFilterStub.go:18.54,20.2 1 0
github.com/TerraDharitri/drt-go-chain-keys-monitor/mock/executorStub.go:11.62,12.32 1 4
github.com/TerraDharitri/drt-go-chain-keys-monitor/mock/executorStub.go:12.32,14.3 1 3
github.com/TerraDharitri/drt-go-chain-keys-monitor/mock/executorStub.go:16.2,16.12 1 1
github.com/TerraDharitri/drt-go-chain-keys-monitor/mock/executorStub.go:20.49,22.2 1 2
github.com/TerraDharitri/drt-go-chain-keys-monitor/mock/httpClientWrapperStub.go:15.103,16.32 1 0
github.com/TerraDharitri/drt-go-chain-keys-monitor/mock/httpClientWrapperStub.go:16.32,18.3 1 0
github.com/TerraDharitri/drt-go-chain-keys-monitor/mock/httpClientWrapperStub.go:20.2,20.46 1 0
github.com/TerraDharitri/drt-go-chain-keys-monitor/mock/httpClientWrapperStub.go:24.117,25.33 1 0
github.com/TerraDharitri/drt-go-chain-keys-monitor/mock/httpClientWrapperStub.go:25.33,27.3 1 0
github.com/TerraDharitri/drt-go-chain-keys-monitor/mock/httpClientWrapperStub.go:29.2,29.46 1 0
github.com/TerraDharitri/drt-go-chain-keys-monitor/mock/httpClientWrapperStub.go:33.58,35.2 1 0
github.com/TerraDharitri/drt-go-chain-keys-monitor/mock/loggerStub.go:22.68,23.30 1 0
github.com/TerraDharitri/drt-go-chain-keys-monitor/mock/loggerStub.go:23.30,25.3 1 0
github.com/TerraDharitri/drt-go-chain-keys-monitor/mock/loggerStub.go:29.68,30.30 1 0
github.com/TerraDharitri/drt-go-chain-keys-monitor/mock/loggerStub.go:30.30,32.3 1 0
github.com/TerraDharitri/drt-go-chain-keys-monitor/mock/loggerStub.go:36.67,37.29 1 0
github.com/TerraDharitri/drt-go-chain-keys-monitor/mock/loggerStub.go:37.29,39.3 1 0
github.com/TerraDharitri/drt-go-chain-keys-monitor/mock/loggerStub.go:43.67,44.29 1 0
github.com/TerraDharitri/drt-go-chain-keys-monitor/mock/loggerStub.go:44.29,46.3 1 0
github.com/TerraDharitri/drt-go-chain-keys-monitor/mock/loggerStub.go:50.68,51.30 1 0
github.com/TerraDharitri/drt-go-chain-keys-monitor/mock/loggerStub.go:51.30,53.3 1 0
github.com/TerraDharitri/drt-go-chain-keys-monitor/mock/loggerStub.go:57.68,58.35 1 0
github.com/TerraDharitri/drt-go-chain-keys-monitor/mock/loggerStub.go:58.35,60.3 1 0
github.com/TerraDharitri/drt-go-chain-keys-monitor/mock/loggerStub.go:64.92,65.28 1 0
github.com/TerraDharitri/drt-go-chain-keys-monitor/mock/loggerStub.go:65.28,67.3 1 0
github.com/TerraDharitri/drt-go-chain-keys-monitor/mock/loggerStub.go:71.55,72.32 1 0
github.com/TerraDharitri/drt-go-chain-keys-monitor/mock/loggerStub.go:72.32,74.3 1 0
github.com/TerraDharitri/drt-go-chain-keys-monitor/mock/loggerStub.go:78.60,79.33 1 0
github.com/TerraDharitri/drt-go-chain-keys-monitor/mock/loggerStub.go:79.33,81.3 1 0
github.com/TerraDharitri/drt-go-chain-keys-monitor/mock/loggerStub.go:85.52,86.33 1 0
github.com/TerraDharitri/drt-go-chain-keys-monitor/mock/loggerStub.go:86.33,88.3 1 0
github.com/TerraDharitri/drt-go-chain-keys-monitor/mock/loggerStub.go:90.2,90.23 1 0
github.com/TerraDharitri/drt-go-chain-keys-monitor/mock/loggerStub.go:94.47,96.2 1 0
github.com/TerraDharitri/drt-go-chain-keys-monitor/mock/outputNotifierStub.go:14.86,15.39 1 0
github.com/TerraDharitri/drt-go-chain-keys-monitor/mock/outputNotifierStub.go:15.39,17.3 1 0
github.com/TerraDharitri/drt-go-chain-keys-monitor/mock/outputNotifierStub.go:19.2,19.12 1 0
github.com/TerraDharitri/drt-go-chain-keys-monitor/mock/outputNotifierStub.go:23.47,24.29 1 0
github.com/TerraDharitri/drt-go-chain-keys-monitor/mock/outputNotifierStub.go:24.29,26.3 1 0
github.com/TerraDharitri/drt-go-chain-keys-monitor/mock/outputNotifierStub.go:28.2,28.11 1 0
github.com/TerraDharitri/drt-go-chain-keys-monitor/mock/outputNotifierStub.go:32.55,34.2 1 0
github.com/TerraDharitri/drt-go-chain-keys-monitor/mock/outputNotifiersHandlerStub.go:13.110,14.40 1 0
github.com/TerraDharitri/drt-go-chain-keys-monitor/mock/outputNotifiersHandlerStub.go:14.40,16.3 1 0
github.com/TerraDharitri/drt-go-chain-keys-monitor/mock/outputNotifiersHandlerStub.go:18.2,18.12 1 0
github.com/TerraDharitri/drt-go-chain-keys-monitor/mock/outputNotifiersHandlerStub.go:22.63,24.2 1 0
github.com/TerraDharitri/drt-go-chain-keys-monitor/mock/ratingsCheckerStub.go:13.141,14.30 1 0
github.com/TerraDharitri/drt-go-chain-keys-monitor/mock/ratingsCheckerStub.go:14.30,16.3 1 0
github.com/TerraDharitri/drt-go-chain-keys-monitor/mock/ratingsCheckerStub.go:18.2,18.17 1 0
github.com/TerraDharitri/drt-go-chain-keys-monitor/mock/ratingsCheckerStub.go:22.55,24.2 1 0
github.com/TerraDharitri/drt-go-chain-keys-monitor/mock/statusHandlerStub.go:19.49,20.39 1 0
github.com/TerraDharitri/drt-go-chain-keys-monitor/mock/statusHandlerStub.go:20.39,22.3 1 0
github.com/TerraDharitri/drt-go-chain-keys-monitor/mock/statusHandlerStub.go:26.60,27.41 1 0
github.com/TerraDharitri/drt-go-chain-keys-monitor/mock/statusHandlerStub.go:27.41,29.3 1 0
github.com/TerraDharitri/drt-go-chain-keys-monitor/mock/statusHandlerStub.go:33.83,34.44 1 0
github.com/TerraDharitri/drt-go-chain-keys-monitor/mock/statusHandlerStub.go:34.44,36.3 1 0
github.com/TerraDharitri/drt-go-chain-keys-monitor/mock/statusHandlerStub.go:40.51,41.41 1 0
github.com/TerraDharitri/drt-go-chain-keys-monitor/mock/statusHandlerStub.go:41.41,43.3 1 0
github.com/TerraDharitri/drt-go-chain-keys-monitor/mock/statusHandlerStub.go:47.67,48.32 1 0
github.com/TerraDharitri/drt-go-chain-keys-monitor/mock/statusHandlerStub.go:48.32,50.3 1 0
github.com/TerraDharitri/drt-go-chain-keys-monitor/mock/statusHandlerStub.go:52.2,52.12 1 0
github.com/TerraDharitri/drt-go-chain-keys-monitor/mock/statusHandlerStub.go:56.54,58.2 1 0
github.com/TerraDharitri/drt-go-chain-keys-monitor/mock/validatorStatisticsQuerierStub.go:15.118,16.30 1 0
github.com/TerraDharitri/drt-go-chain-keys-monitor/mock/validatorStatisticsQuerierStub.go:16.30,18.3 1 0
github.com/TerraDharitri/drt-go-chain-keys-monitor/mock/validatorStatisticsQuerierStub.go:20.2,20.17 1 0
github.com/TerraDharitri/drt-go-chain-keys-monitor/mock/validatorStatisticsQuerierStub.go:24.67,26.2 1 0
github.com/TerraDharitri/drt-go-chain-keys-monitor/monitor/blsKeysMonitor.go:26.28,27.28 1 4
github.com/TerraDharitri/drt-go-chain-keys-monitor/monitor/blsKeysMonitor.go:27.28,29.3 1 1
github.com/TerraDharitri/drt-go-chain-keys-monitor/monitor/blsKeysMonitor.go:31.2,40.16 3 3
github.com/TerraDharitri/drt-go-chain-keys-monitor/monitor/blsKeysMonitor.go:40.16,42.3 1 1
github.com/TerraDharitri/drt-go-chain-keys-monitor/monitor/blsKeysMonitor.go:44.2,45.16 2 2
github.com/TerraDharitri/drt-go-chain-keys-monitor/monitor/blsKeysMonitor.go:45.16,47.3 1 0
github.com/TerraDharitri/drt-go-chain-keys-monitor/monitor/blsKeysMonitor.go:48.2,53.8 2 2
github.com/TerraDharitri/drt-go-chain-keys-monitor/monitor/blsKeysMonitor.go:57.46,60.2 2 2
github.com/TerraDharitri/drt-go-chain-keys-monitor/monitor/blsKeysMonitor.go:63.54,65.2 1 2
